#
# There is insufficient memory for the Java Runtime Environment to continue.
# Native memory allocation (mmap) failed to map 191889408 bytes for committing reserved memory.
# Possible reasons:
#   The system is out of physical RAM or swap space
#   The process is running with CompressedOops enabled, and the Java Heap may be blocking the growth of the native heap
# Possible solutions:
#   Reduce memory load on the system
#   Increase physical memory or swap space
#   Check if swap backing store is full
#   Decrease Java heap size (-Xmx/-Xms)
#   Decrease number of Java threads
#   Decrease Java thread stack sizes (-Xss)
#   Set larger code cache with -XX:ReservedCodeCacheSize=
#   JVM is running with Zero Based Compressed Oops mode in which the Java heap is
#     placed in the first 32GB address space. The Java Heap base address is the
#     maximum limit for the native heap growth. Please use -XX:HeapBaseMinAddress
#     to set the Java Heap base and to place the Java Heap above 32GB virtual address.
# This output file may be truncated or incomplete.
#
#  Out of Memory Error (os_linux.cpp:2749), pid=9984, tid=0x00007f3779a94700
#
# JRE version: Java(TM) SE Runtime Environment (8.0_202-b08) (build 1.8.0_202-b08)
# Java VM: Java HotSpot(TM) 64-Bit Server VM (25.202-b08 mixed mode linux-amd64 compressed oops)
# Failed to write core dump. Core dumps have been disabled. To enable core dumping, try "ulimit -c unlimited" before starting Java again
#

---------------  T H R E A D  ---------------

Current thread (0x00007f37901c9000):  VMThread [stack: 0x00007f3779995000,0x00007f3779a95000] [id=9994]

Stack: [0x00007f3779995000,0x00007f3779a95000],  sp=0x00007f3779a933f0,  free space=1016k
Native frames: (J=compiled Java code, j=interpreted, Vv=VM code, C=native code)
V  [libjvm.so+0xad33a5]  VMError::report_and_die()+0x2e5
V  [libjvm.so+0x4e04c7]  report_vm_out_of_memory(char const*, int, unsigned long, VMErrorType, char const*)+0x67
V  [libjvm.so+0x910290]  os::pd_commit_memory(char*, unsigned long, unsigned long, bool)+0x100
V  [libjvm.so+0x9078bf]  os::commit_memory(char*, unsigned long, unsigned long, bool)+0x1f
V  [libjvm.so+0x98c686]  PSVirtualSpace::expand_by(unsigned long)+0x56
V  [libjvm.so+0x98d918]  PSYoungGen::resize(unsigned long, unsigned long)+0xd8
V  [libjvm.so+0x98a0b6]  PSScavenge::invoke_no_policy()+0x1376
V  [libjvm.so+0x98a44c]  PSScavenge::invoke()+0x4c
V  [libjvm.so+0x93a198]  ParallelScavengeHeap::failed_mem_allocate(unsigned long)+0x68
V  [libjvm.so+0xad4ef3]  VM_ParallelGCFailedAllocation::doit()+0x93
V  [libjvm.so+0xada116]  VM_Operation::evaluate()+0x46
V  [libjvm.so+0xad844d]  VMThread::evaluate_operation(VM_Operation*) [clone .constprop.44]+0xcd
V  [libjvm.so+0xad8a33]  VMThread::loop()+0x3a3
V  [libjvm.so+0xad8e08]  VMThread::run()+0x78
V  [libjvm.so+0x90d8c2]  java_start(Thread*)+0x102

VM_Operation (0x00007f376baf9200): ParallelGCFailedAllocation, mode: safepoint, requested by thread 0x00007f3790f58800


---------------  P R O C E S S  ---------------

Java Threads: ( => current thread )
  0x00007f36e4001000 JavaThread "pool-8-thread-10" [_thread_blocked, id=10187, stack(0x00007f3763eff000,0x00007f3764000000)]
  0x00007f36ec026000 JavaThread "pool-8-thread-9" [_thread_blocked, id=10186, stack(0x00007f3768245000,0x00007f3768346000)]
  0x00007f3790f58800 JavaThread "pool-8-thread-8" [_thread_blocked, id=10185, stack(0x00007f376b9fc000,0x00007f376bafd000)]
  0x00007f3790dc1800 JavaThread "pool-8-thread-7" [_thread_blocked, id=10184, stack(0x00007f376bafd000,0x00007f376bbfe000)]
  0x00007f3791e2f000 JavaThread "pool-8-thread-6" [_thread_blocked, id=10183, stack(0x00007f376b8fb000,0x00007f376b9fc000)]
  0x00007f3791a7e000 JavaThread "pool-8-thread-5" [_thread_blocked, id=10182, stack(0x00007f3768f48000,0x00007f3769049000)]
  0x00007f3791bcf000 JavaThread "pool-8-thread-4" [_thread_blocked, id=10180, stack(0x00007f376b6f9000,0x00007f376b7fa000)]
  0x00007f3790fc8800 JavaThread "pool-8-thread-3" [_thread_blocked, id=10179, stack(0x00007f376b5f8000,0x00007f376b6f9000)]
  0x00007f37914b5000 JavaThread "pool-8-thread-2" [_thread_blocked, id=10178, stack(0x00007f3769049000,0x00007f376914a000)]
  0x00007f379109a800 JavaThread "pool-8-thread-1" [_thread_blocked, id=10177, stack(0x00007f376bbfe000,0x00007f376bcff000)]
  0x00007f36f400c000 JavaThread "sbt-web-akka.actor.default-dispatcher-5" [_thread_blocked, id=10174, stack(0x00007f3770085000,0x00007f3770186000)]
  0x00007f3791943000 JavaThread "sbt-web-akka.actor.default-dispatcher-4" [_thread_blocked, id=10173, stack(0x00007f376b7fa000,0x00007f376b8fb000)]
  0x00007f3791199800 JavaThread "sbt-web-akka.actor.default-dispatcher-3" [_thread_blocked, id=10172, stack(0x00007f3768447000,0x00007f3768548000)]
  0x00007f37912c9800 JavaThread "sbt-web-akka.actor.default-dispatcher-2" [_thread_blocked, id=10171, stack(0x00007f3768346000,0x00007f3768447000)]
  0x00007f3791c19000 JavaThread "sbt-web-scheduler-1" [_thread_blocked, id=10170, stack(0x00007f376bcff000,0x00007f376be00000)]
  0x00007f370002c000 JavaThread "process reaper" daemon [_thread_blocked, id=10082, stack(0x00007f376a228000,0x00007f376a261000)]
  0x00007f379022d800 JavaThread "Service Thread" daemon [_thread_blocked, id=10002, stack(0x00007f37787bd000,0x00007f37788be000)]
  0x00007f3790210800 JavaThread "C1 CompilerThread3" daemon [_thread_blocked, id=10001, stack(0x00007f37788bf000,0x00007f37789bf000)]
  0x00007f379020e800 JavaThread "C2 CompilerThread2" daemon [_thread_blocked, id=10000, stack(0x00007f37789c0000,0x00007f3778ac0000)]
  0x00007f379020c800 JavaThread "C2 CompilerThread1" daemon [_thread_blocked, id=9999, stack(0x00007f3778ac1000,0x00007f3778bc1000)]
  0x00007f3790209800 JavaThread "C2 CompilerThread0" daemon [_thread_blocked, id=9998, stack(0x00007f3778bc2000,0x00007f3778cc2000)]
  0x00007f3790208800 JavaThread "Signal Dispatcher" daemon [_thread_blocked, id=9997, stack(0x00007f3778cc2000,0x00007f3778dc3000)]
  0x00007f37901d5000 JavaThread "Finalizer" daemon [_thread_blocked, id=9996, stack(0x00007f3779792000,0x00007f3779893000)]
  0x00007f37901d2800 JavaThread "Reference Handler" daemon [_thread_blocked, id=9995, stack(0x00007f3779893000,0x00007f3779994000)]
  0x00007f379000b800 JavaThread "main" [_thread_blocked, id=9985, stack(0x00007f379803a000,0x00007f379813a000)]

Other Threads:
=>0x00007f37901c9000 VMThread [stack: 0x00007f3779995000,0x00007f3779a95000] [id=9994]
  0x00007f3790230800 WatcherThread [stack: 0x00007f37786bd000,0x00007f37787bd000] [id=10003]

VM state:at safepoint (normal execution)

VM Mutex/Monitor currently owned by a thread:  ([mutex/lock_event])
[0x00007f3790007d80] Threads_lock - owner thread: 0x00007f37901c9000
[0x00007f3790008280] Heap_lock - owner thread: 0x00007f3790f58800

heap address: 0x00000006cc800000, size: 3896 MB, Compressed Oops mode: Zero based, Oop shift amount: 3
Narrow klass base: 0x0000000000000000, Narrow klass shift: 3
Compressed class space size: 1073741824 Address: 0x00000007c0000000

Heap:
 PSYoungGen      total 1084928K, used 2656K [0x000000076ed80000, 0x00000007b4900000, 0x00000007c0000000)
  eden space 1027584K, 0% used [0x000000076ed80000,0x000000076ed80000,0x00000007ad900000)
  from space 57344K, 4% used [0x00000007ad900000,0x00000007adb98000,0x00000007b1100000)
  to   space 47616K, 0% used [0x00000007b1a80000,0x00000007b1a80000,0x00000007b4900000)
 ParOldGen       total 321536K, used 262336K [0x00000006cc800000, 0x00000006e0200000, 0x000000076ed80000)
  object space 321536K, 81% used [0x00000006cc800000,0x00000006dc830338,0x00000006e0200000)
 Metaspace       used 84792K, capacity 85670K, committed 86164K, reserved 1118208K
  class space    used 16192K, capacity 16509K, committed 16532K, reserved 1048576K

Card table byte_map: [0x00007f379457d000,0x00007f3794d1a000] byte_map_base: 0x00007f3790f19000

Marking Bits: (ParMarkBitMap*) 0x00007f37974e6d80
 Begin Bits: [0x00007f3744640000, 0x00007f3748320000)
 End Bits:   [0x00007f3748320000, 0x00007f374c000000)

Polling page: 0x00007f3798156000

CodeCache: size=245760Kb used=49815Kb max_used=49818Kb free=195944Kb
 bounds [0x00007f3781000000, 0x00007f37840f0000, 0x00007f3790000000]
 total_blobs=13416 nmethods=12875 adapters=448
 compilation: enabled

Compilation events (10 events):
Event: 28.996 Thread 0x00007f379020c800 16087       4       java.util.HashSet::clear (8 bytes)
Event: 28.996 Thread 0x00007f379020e800 16088       4       org.apache.ivy.core.resolve.IvyNode::clean (10 bytes)
Event: 28.997 Thread 0x00007f3790209800 16089       4       java.util.Collections$SingletonList::iterator (8 bytes)
Event: 28.998 Thread 0x00007f3790209800 nmethod 16089 0x00007f37840dedd0 code [0x00007f37840def20, 0x00007f37840deff8]
Event: 28.998 Thread 0x00007f379020e800 nmethod 16088 0x00007f37840e0910 code [0x00007f37840e0a60, 0x00007f37840e0bf8]
Event: 28.998 Thread 0x00007f379020c800 nmethod 16087 0x00007f37840dea50 code [0x00007f37840deba0, 0x00007f37840decf8]
Event: 29.240 Thread 0x00007f3790209800 16090       4       java.util.regex.Pattern::<init> (90 bytes)
Event: 29.241 Thread 0x00007f3790209800 nmethod 16090 0x00007f37840dce90 code [0x00007f37840dcfe0, 0x00007f37840dd108]
Event: 29.347 Thread 0x00007f3790210800 16091       3       org.apache.ivy.core.resolve.VisitNode::gotoNode (196 bytes)
Event: 29.349 Thread 0x00007f3790210800 nmethod 16091 0x00007f37840e0d50 code [0x00007f37840e10e0, 0x00007f37840e2c18]

GC Heap History (10 events):
Event: 27.585 GC heap after
Heap after GC invocations=27 (full 5):
 PSYoungGen      total 719872K, used 21801K [0x000000076ed80000, 0x000000079f480000, 0x00000007c0000000)
  eden space 653312K, 0% used [0x000000076ed80000,0x000000076ed80000,0x0000000796b80000)
  from space 66560K, 32% used [0x000000079b380000,0x000000079c8ca430,0x000000079f480000)
  to   space 70144K, 0% used [0x0000000796b80000,0x0000000796b80000,0x000000079b000000)
 ParOldGen       total 321536K, used 242076K [0x00000006cc800000, 0x00000006e0200000, 0x000000076ed80000)
  object space 321536K, 75% used [0x00000006cc800000,0x00000006db4670e0,0x00000006e0200000)
 Metaspace       used 84707K, capacity 85542K, committed 85908K, reserved 1118208K
  class space    used 16192K, capacity 16509K, committed 16532K, reserved 1048576K
}
Event: 28.796 GC heap before
{Heap before GC invocations=28 (full 5):
 PSYoungGen      total 719872K, used 675113K [0x000000076ed80000, 0x000000079f480000, 0x00000007c0000000)
  eden space 653312K, 100% used [0x000000076ed80000,0x0000000796b80000,0x0000000796b80000)
  from space 66560K, 32% used [0x000000079b380000,0x000000079c8ca430,0x000000079f480000)
  to   space 70144K, 0% used [0x0000000796b80000,0x0000000796b80000,0x000000079b000000)
 ParOldGen       total 321536K, used 242076K [0x00000006cc800000, 0x00000006e0200000, 0x000000076ed80000)
  object space 321536K, 75% used [0x00000006cc800000,0x00000006db4670e0,0x00000006e0200000)
 Metaspace       used 84788K, capacity 85670K, committed 86164K, reserved 1118208K
  class space    used 16192K, capacity 16509K, committed 16532K, reserved 1048576K
Event: 28.836 GC heap after
Heap after GC invocations=28 (full 5):
 PSYoungGen      total 723456K, used 23681K [0x000000076ed80000, 0x00000007a5c80000, 0x00000007c0000000)
  eden space 653312K, 0% used [0x000000076ed80000,0x000000076ed80000,0x0000000796b80000)
  from space 70144K, 33% used [0x0000000796b80000,0x00000007982a07e8,0x000000079b000000)
  to   space 65536K, 0% used [0x00000007a1c80000,0x00000007a1c80000,0x00000007a5c80000)
 ParOldGen       total 321536K, used 242084K [0x00000006cc800000, 0x00000006e0200000, 0x000000076ed80000)
  object space 321536K, 75% used [0x00000006cc800000,0x00000006db4690e0,0x00000006e0200000)
 Metaspace       used 84788K, capacity 85670K, committed 86164K, reserved 1118208K
  class space    used 16192K, capacity 16509K, committed 16532K, reserved 1048576K
}
Event: 29.389 GC heap before
{Heap before GC invocations=29 (full 5):
 PSYoungGen      total 723456K, used 676993K [0x000000076ed80000, 0x00000007a5c80000, 0x00000007c0000000)
  eden space 653312K, 100% used [0x000000076ed80000,0x0000000796b80000,0x0000000796b80000)
  from space 70144K, 33% used [0x0000000796b80000,0x00000007982a07e8,0x000000079b000000)
  to   space 65536K, 0% used [0x00000007a1c80000,0x00000007a1c80000,0x00000007a5c80000)
 ParOldGen       total 321536K, used 242084K [0x00000006cc800000, 0x00000006e0200000, 0x000000076ed80000)
  object space 321536K, 75% used [0x00000006cc800000,0x00000006db4690e0,0x00000006e0200000)
 Metaspace       used 84792K, capacity 85670K, committed 86164K, reserved 1118208K
  class space    used 16192K, capacity 16509K, committed 16532K, reserved 1048576K
Event: 29.410 GC heap after
Heap after GC invocations=29 (full 5):
 PSYoungGen      total 838656K, used 23201K [0x000000076ed80000, 0x00000007a5d00000, 0x00000007c0000000)
  eden space 773120K, 0% used [0x000000076ed80000,0x000000076ed80000,0x000000079e080000)
  from space 65536K, 35% used [0x00000007a1c80000,0x00000007a33287e8,0x00000007a5c80000)
  to   space 61440K, 0% used [0x000000079e080000,0x000000079e080000,0x00000007a1c80000)
 ParOldGen       total 321536K, used 242092K [0x00000006cc800000, 0x00000006e0200000, 0x000000076ed80000)
  object space 321536K, 75% used [0x00000006cc800000,0x00000006db46b0e0,0x00000006e0200000)
 Metaspace       used 84792K, capacity 85670K, committed 86164K, reserved 1118208K
  class space    used 16192K, capacity 16509K, committed 16532K, reserved 1048576K
}
Event: 30.117 GC heap before
{Heap before GC invocations=30 (full 5):
 PSYoungGen      total 838656K, used 796321K [0x000000076ed80000, 0x00000007a5d00000, 0x00000007c0000000)
  eden space 773120K, 100% used [0x000000076ed80000,0x000000079e080000,0x000000079e080000)
  from space 65536K, 35% used [0x00000007a1c80000,0x00000007a33287e8,0x00000007a5c80000)
  to   space 61440K, 0% used [0x000000079e080000,0x000000079e080000,0x00000007a1c80000)
 ParOldGen       total 321536K, used 242092K [0x00000006cc800000, 0x00000006e0200000, 0x000000076ed80000)
  object space 321536K, 75% used [0x00000006cc800000,0x00000006db46b0e0,0x00000006e0200000)
 Metaspace       used 84792K, capacity 85670K, committed 86164K, reserved 1118208K
  class space    used 16192K, capacity 16509K, committed 16532K, reserved 1048576K
Event: 31.242 GC heap after
Heap after GC invocations=30 (full 5):
 PSYoungGen      total 834560K, used 22344K [0x000000076ed80000, 0x00000007b5300000, 0x00000007c0000000)
  eden space 773120K, 0% used [0x000000076ed80000,0x000000076ed80000,0x000000079e080000)
  from space 61440K, 36% used [0x000000079e080000,0x000000079f6523c8,0x00000007a1c80000)
  to   space 57856K, 0% used [0x00000007b1a80000,0x00000007b1a80000,0x00000007b5300000)
 ParOldGen       total 321536K, used 242092K [0x00000006cc800000, 0x00000006e0200000, 0x000000076ed80000)
  object space 321536K, 75% used [0x00000006cc800000,0x00000006db46b0e0,0x00000006e0200000)
 Metaspace       used 84792K, capacity 85670K, committed 86164K, reserved 1118208K
  class space    used 16192K, capacity 16509K, committed 16532K, reserved 1048576K
}
Event: 31.930 GC heap before
{Heap before GC invocations=31 (full 5):
 PSYoungGen      total 834560K, used 795464K [0x000000076ed80000, 0x00000007b5300000, 0x00000007c0000000)
  eden space 773120K, 100% used [0x000000076ed80000,0x000000079e080000,0x000000079e080000)
  from space 61440K, 36% used [0x000000079e080000,0x000000079f6523c8,0x00000007a1c80000)
  to   space 57856K, 0% used [0x00000007b1a80000,0x00000007b1a80000,0x00000007b5300000)
 ParOldGen       total 321536K, used 242092K [0x00000006cc800000, 0x00000006e0200000, 0x000000076ed80000)
  object space 321536K, 75% used [0x00000006cc800000,0x00000006db46b0e0,0x00000006e0200000)
 Metaspace       used 84792K, capacity 85670K, committed 86164K, reserved 1118208K
  class space    used 16192K, capacity 16509K, committed 16532K, reserved 1048576K
Event: 31.960 GC heap after
Heap after GC invocations=31 (full 5):
 PSYoungGen      total 1075200K, used 5976K [0x000000076ed80000, 0x00000007b4900000, 0x00000007c0000000)
  eden space 1027584K, 0% used [0x000000076ed80000,0x000000076ed80000,0x00000007ad900000)
  from space 47616K, 12% used [0x00000007b1a80000,0x00000007b20563b8,0x00000007b4900000)
  to   space 57344K, 0% used [0x00000007ad900000,0x00000007ad900000,0x00000007b1100000)
 ParOldGen       total 321536K, used 258833K [0x00000006cc800000, 0x00000006e0200000, 0x000000076ed80000)
  object space 321536K, 80% used [0x00000006cc800000,0x00000006dc4c4530,0x00000006e0200000)
 Metaspace       used 84792K, capacity 85670K, committed 86164K, reserved 1118208K
  class space    used 16192K, capacity 16509K, committed 16532K, reserved 1048576K
}
Event: 32.909 GC heap before
{Heap before GC invocations=32 (full 5):
 PSYoungGen      total 1075200K, used 1033560K [0x000000076ed80000, 0x00000007b4900000, 0x00000007c0000000)
  eden space 1027584K, 100% used [0x000000076ed80000,0x00000007ad900000,0x00000007ad900000)
  from space 47616K, 12% used [0x00000007b1a80000,0x00000007b20563b8,0x00000007b4900000)
  to   space 57344K, 0% used [0x00000007ad900000,0x00000007ad900000,0x00000007b1100000)
 ParOldGen       total 321536K, used 258833K [0x00000006cc800000, 0x00000006e0200000, 0x000000076ed80000)
  object space 321536K, 80% used [0x00000006cc800000,0x00000006dc4c4530,0x00000006e0200000)
 Metaspace       used 84792K, capacity 85670K, committed 86164K, reserved 1118208K
  class space    used 16192K, capacity 16509K, committed 16532K, reserved 1048576K

Deoptimization events (10 events):
Event: 26.604 Thread 0x00007f3790f58800 Uncommon trap: reason=predicate action=maybe_recompile pc=0x00007f37835e2d0c method=com.sun.org.apache.xerces.internal.parsers.AbstractSAXParser.endNamespaceMapping()V @ 21
Event: 26.626 Thread 0x00007f3790f58800 Uncommon trap: reason=bimorphic action=maybe_recompile pc=0x00007f37838c807c method=java.util.regex.Pattern$SliceNode.study(Ljava/util/regex/Pattern$TreeInfo;)Z @ 33
Event: 26.626 Thread 0x00007f3790f58800 Uncommon trap: reason=bimorphic action=maybe_recompile pc=0x00007f37838c807c method=java.util.regex.Pattern$SliceNode.study(Ljava/util/regex/Pattern$TreeInfo;)Z @ 33
Event: 26.626 Thread 0x00007f3790f58800 Uncommon trap: reason=bimorphic action=maybe_recompile pc=0x00007f37838c807c method=java.util.regex.Pattern$SliceNode.study(Ljava/util/regex/Pattern$TreeInfo;)Z @ 33
Event: 26.626 Thread 0x00007f3790f58800 Uncommon trap: reason=bimorphic action=maybe_recompile pc=0x00007f37838c807c method=java.util.regex.Pattern$SliceNode.study(Ljava/util/regex/Pattern$TreeInfo;)Z @ 33
Event: 26.641 Thread 0x00007f3790f58800 Uncommon trap: reason=unstable_if action=reinterpret pc=0x00007f3783a3c45c method=org.apache.ivy.core.resolve.ResolveData.isSubMap(Ljava/util/Map;Ljava/util/Map;)Z @ 27
Event: 26.641 Thread 0x00007f3790f58800 Uncommon trap: reason=unstable_if action=reinterpret pc=0x00007f378394ed0c method=org.apache.ivy.core.resolve.ResolveData.isSubMap(Ljava/util/Map;Ljava/util/Map;)Z @ 27
Event: 26.650 Thread 0x00007f3790f58800 Uncommon trap: reason=unstable_if action=reinterpret pc=0x00007f3783d7b4a0 method=org.apache.ivy.core.resolve.VisitNode.isTransitive()Z @ 55
Event: 26.675 Thread 0x00007f3790f58800 Uncommon trap: reason=null_check action=make_not_entrant pc=0x00007f378397bbb8 method=java.util.AbstractMap.equals(Ljava/lang/Object;)Z @ 123
Event: 27.414 Thread 0x00007f3790f58800 Uncommon trap: reason=unstable_if action=reinterpret pc=0x00007f3781a0de10 method=org.apache.ivy.core.resolve.VisitNode.gotoNode(Lorg/apache/ivy/core/resolve/IvyNode;)Lorg/apache/ivy/core/resolve/VisitNode; @ 69

Classes redefined (0 events):
No events

Internal exceptions (10 events):
Event: 16.459 Thread 0x00007f371c117000 Exception <a 'sun/nio/fs/UnixException'> (0x0000000772fc0008) thrown at [/HUDSON/workspace/8-2-build-linux-amd64/jdk8u202/12319/hotspot/src/share/vm/prims/jni.cpp, line 710]
Event: 16.459 Thread 0x00007f371c117000 Exception <a 'sun/nio/fs/UnixException'> (0x0000000772fc1850) thrown at [/HUDSON/workspace/8-2-build-linux-amd64/jdk8u202/12319/hotspot/src/share/vm/prims/jni.cpp, line 710]
Event: 16.459 Thread 0x00007f371c117000 Exception <a 'sun/nio/fs/UnixException'> (0x0000000772fc8b20) thrown at [/HUDSON/workspace/8-2-build-linux-amd64/jdk8u202/12319/hotspot/src/share/vm/prims/jni.cpp, line 710]
Event: 16.459 Thread 0x00007f3791aba800 Exception <a 'sun/nio/fs/UnixException'> (0x0000000772dbcb90) thrown at [/HUDSON/workspace/8-2-build-linux-amd64/jdk8u202/12319/hotspot/src/share/vm/prims/jni.cpp, line 710]
Event: 16.726 Thread 0x00007f36ec026000 Implicit null exception at 0x00007f378130cb82 to 0x00007f378130d0dd
Event: 20.476 Thread 0x00007f36ec026000 Implicit null exception at 0x00007f378387340f to 0x00007f378387361d
Event: 25.740 Thread 0x00007f36ec026000 Implicit null exception at 0x00007f3781b798ad to 0x00007f3781b7b151
Event: 26.116 Thread 0x00007f36ec026000 Implicit null exception at 0x00007f378169a511 to 0x00007f378169a6c1
Event: 26.560 Thread 0x00007f3790f58800 Implicit null exception at 0x00007f3783b63c17 to 0x00007f3783b64111
Event: 26.675 Thread 0x00007f3790f58800 Implicit null exception at 0x00007f378397b0ea to 0x00007f378397bb85

Events (10 events):
Event: 28.836 Executing VM operation: ParallelGCFailedAllocation done
Event: 28.903 Thread 0x00007f3790f58800 DEOPT PACKING pc=0x00007f3783c57188 sp=0x00007f376baf8480
Event: 28.903 Thread 0x00007f3790f58800 DEOPT UNPACKING pc=0x00007f3781047784 sp=0x00007f376baf81d8 mode 0
Event: 29.389 Executing VM operation: ParallelGCFailedAllocation
Event: 29.410 Executing VM operation: ParallelGCFailedAllocation done
Event: 30.113 Executing VM operation: ParallelGCFailedAllocation
Event: 31.246 Executing VM operation: ParallelGCFailedAllocation done
Event: 31.930 Executing VM operation: ParallelGCFailedAllocation
Event: 31.960 Executing VM operation: ParallelGCFailedAllocation done
Event: 32.903 Executing VM operation: ParallelGCFailedAllocation


Dynamic libraries:
00400000-00401000 r-xp 00000000 103:01 5899975                           /usr/lib/jvm/jdk1.8.0_202/bin/java
00600000-00601000 r--p 00000000 103:01 5899975                           /usr/lib/jvm/jdk1.8.0_202/bin/java
00601000-00602000 rw-p 00001000 103:01 5899975                           /usr/lib/jvm/jdk1.8.0_202/bin/java
01116000-01137000 rw-p 00000000 00:00 0                                  [heap]
6cc800000-6e0200000 rw-p 00000000 00:00 0 
6e0200000-76ed80000 ---p 00000000 00:00 0 
76ed80000-7b4900000 rw-p 00000000 00:00 0 
7c0000000-7c1025000 rw-p 00000000 00:00 0 
7c1025000-800000000 ---p 00000000 00:00 0 
7f36d0000000-7f36d0021000 rw-p 00000000 00:00 0 
7f36d0021000-7f36d4000000 ---p 00000000 00:00 0 
7f36d8000000-7f36d8021000 rw-p 00000000 00:00 0 
7f36d8021000-7f36dc000000 ---p 00000000 00:00 0 
7f36dc000000-7f36dc021000 rw-p 00000000 00:00 0 
7f36dc021000-7f36e0000000 ---p 00000000 00:00 0 
7f36e0000000-7f36e0021000 rw-p 00000000 00:00 0 
7f36e0021000-7f36e4000000 ---p 00000000 00:00 0 
7f36e4000000-7f36e4d14000 rw-p 00000000 00:00 0 
7f36e4d14000-7f36e8000000 ---p 00000000 00:00 0 
7f36e8000000-7f36e8021000 rw-p 00000000 00:00 0 
7f36e8021000-7f36ec000000 ---p 00000000 00:00 0 
7f36ec000000-7f36ec028000 rw-p 00000000 00:00 0 
7f36ec028000-7f36f0000000 ---p 00000000 00:00 0 
7f36f0000000-7f36f029d000 rw-p 00000000 00:00 0 
7f36f029d000-7f36f4000000 ---p 00000000 00:00 0 
7f36f4000000-7f36f4021000 rw-p 00000000 00:00 0 
7f36f4021000-7f36f8000000 ---p 00000000 00:00 0 
7f36f8000000-7f36f8194000 rw-p 00000000 00:00 0 
7f36f8194000-7f36fc000000 ---p 00000000 00:00 0 
7f36fc000000-7f36fc039000 rw-p 00000000 00:00 0 
7f36fc039000-7f3700000000 ---p 00000000 00:00 0 
7f3700000000-7f37000da000 rw-p 00000000 00:00 0 
7f37000da000-7f3704000000 ---p 00000000 00:00 0 
7f3704000000-7f3704021000 rw-p 00000000 00:00 0 
7f3704021000-7f3708000000 ---p 00000000 00:00 0 
7f3708000000-7f37084a9000 rw-p 00000000 00:00 0 
7f37084a9000-7f370c000000 ---p 00000000 00:00 0 
7f370c000000-7f370c6ab000 rw-p 00000000 00:00 0 
7f370c6ab000-7f3710000000 ---p 00000000 00:00 0 
7f3710000000-7f37100b2000 rw-p 00000000 00:00 0 
7f37100b2000-7f3714000000 ---p 00000000 00:00 0 
7f3714000000-7f3714030000 rw-p 00000000 00:00 0 
7f3714030000-7f3718000000 ---p 00000000 00:00 0 
7f3718000000-7f3718021000 rw-p 00000000 00:00 0 
7f3718021000-7f371c000000 ---p 00000000 00:00 0 
7f371c000000-7f371c122000 rw-p 00000000 00:00 0 
7f371c122000-7f3720000000 ---p 00000000 00:00 0 
7f3720000000-7f372119f000 rw-p 00000000 00:00 0 
7f372119f000-7f3724000000 ---p 00000000 00:00 0 
7f3724000000-7f3724021000 rw-p 00000000 00:00 0 
7f3724021000-7f3728000000 ---p 00000000 00:00 0 
7f3728000000-7f3729cb3000 rw-p 00000000 00:00 0 
7f3729cb3000-7f372c000000 ---p 00000000 00:00 0 
7f372c000000-7f372dab6000 rw-p 00000000 00:00 0 
7f372dab6000-7f3730000000 ---p 00000000 00:00 0 
7f3730000000-7f3730021000 rw-p 00000000 00:00 0 
7f3730021000-7f3734000000 ---p 00000000 00:00 0 
7f3734000000-7f3735bec000 rw-p 00000000 00:00 0 
7f3735bec000-7f3738000000 ---p 00000000 00:00 0 
7f3738000000-7f3738021000 rw-p 00000000 00:00 0 
7f3738021000-7f373c000000 ---p 00000000 00:00 0 
7f373c000000-7f373c035000 rw-p 00000000 00:00 0 
7f373c035000-7f3740000000 ---p 00000000 00:00 0 
7f3740000000-7f374029d000 rw-p 00000000 00:00 0 
7f374029d000-7f3744000000 ---p 00000000 00:00 0 
7f3744640000-7f374c000000 rw-p 00000000 00:00 0 
7f374c000000-7f374c021000 rw-p 00000000 00:00 0 
7f374c021000-7f3750000000 ---p 00000000 00:00 0 
7f3750000000-7f3750021000 rw-p 00000000 00:00 0 
7f3750021000-7f3754000000 ---p 00000000 00:00 0 
7f3754000000-7f3754021000 rw-p 00000000 00:00 0 
7f3754021000-7f3758000000 ---p 00000000 00:00 0 
7f375c000000-7f375c021000 rw-p 00000000 00:00 0 
7f375c021000-7f3760000000 ---p 00000000 00:00 0 
7f3763aff000-7f3763cff000 rw-p 00000000 00:00 0 
7f3763cff000-7f3763eff000 rw-p 00000000 00:00 0 
7f3763eff000-7f3763f02000 ---p 00000000 00:00 0 
7f3763f02000-7f3764000000 rw-p 00000000 00:00 0 
7f3764000000-7f3764021000 rw-p 00000000 00:00 0 
7f3764021000-7f3768000000 ---p 00000000 00:00 0 
7f3768043000-7f3768046000 ---p 00000000 00:00 0 
7f3768046000-7f3768144000 rw-p 00000000 00:00 0 
7f3768144000-7f3768147000 ---p 00000000 00:00 0 
7f3768147000-7f3768245000 rw-p 00000000 00:00 0 
7f3768245000-7f3768248000 ---p 00000000 00:00 0 
7f3768248000-7f3768346000 rw-p 00000000 00:00 0 
7f3768346000-7f3768349000 ---p 00000000 00:00 0 
7f3768349000-7f3768447000 rw-p 00000000 00:00 0 
7f3768447000-7f376844a000 ---p 00000000 00:00 0 
7f376844a000-7f3768748000 rw-p 00000000 00:00 0 
7f3768748000-7f3768948000 rw-p 00000000 00:00 0 
7f3768948000-7f3768b48000 rw-p 00000000 00:00 0 
7f3768b48000-7f3768d48000 rw-p 00000000 00:00 0 
7f3768d48000-7f3768f48000 rw-p 00000000 00:00 0 
7f3768f48000-7f3768f4b000 ---p 00000000 00:00 0 
7f3768f4b000-7f3769049000 rw-p 00000000 00:00 0 
7f3769049000-7f376904c000 ---p 00000000 00:00 0 
7f376904c000-7f376934a000 rw-p 00000000 00:00 0 
7f376934a000-7f376954a000 rw-p 00000000 00:00 0 
7f376954a000-7f376974a000 rw-p 00000000 00:00 0 
7f376974a000-7f376994a000 rw-p 00000000 00:00 0 
7f376994a000-7f3769b4a000 rw-p 00000000 00:00 0 
7f3769b4a000-7f3769d4a000 rw-p 00000000 00:00 0 
7f3769d4a000-7f3769f4a000 rw-p 00000000 00:00 0 
7f3769f4a000-7f376a14a000 rw-p 00000000 00:00 0 
7f376a216000-7f376a228000 r--s 0009c000 103:01 7997312                   /home/jane/.IdeaIC2019.3/config/plugins/Scala/repo/org.jetbrains/sbt-structure-extractor/scala_2.10/sbt_0.13/2018.2.1+4-88400d3f/jars/sbt-structure-extractor.jar
7f376a228000-7f376a22b000 ---p 00000000 00:00 0 
7f376a22b000-7f376a261000 rw-p 00000000 00:00 0 
7f376a261000-7f376a264000 r--s 0001a000 103:01 6030710                   /usr/lib/jvm/jdk1.8.0_202/jre/lib/jce.jar
7f376a264000-7f376a267000 r--s 00011000 103:01 8258796                   /home/jane/.ivy2/cache/scala_2.10/sbt_0.13/com.typesafe.sbt/sbt-digest/jars/sbt-digest-1.1.2.jar
7f376a267000-7f376a26b000 r--s 0002a000 103:01 8258979                   /home/jane/.ivy2/cache/org.jctools/jctools-core/bundles/jctools-core-2.0.1.jar
7f376a26b000-7f376a288000 r--s 00233000 103:01 8258977                   /home/jane/.ivy2/cache/io.monix/monix-reactive_2.10/jars/monix-reactive_2.10-2.3.0.jar
7f376a288000-7f376a291000 r--s 00062000 103:01 8258975                   /home/jane/.ivy2/cache/io.monix/monix-eval_2.10/jars/monix-eval_2.10-2.3.0.jar
7f376a291000-7f376a292000 r--s 00000000 103:01 5769343                   /home/jane/.ivy2/cache/org.reactivestreams/reactive-streams/jars/reactive-streams-1.0.0.jar
7f376a292000-7f376a2a2000 r--s 000b4000 103:01 8258973                   /home/jane/.ivy2/cache/io.monix/monix-execution_2.10/jars/monix-execution_2.10-2.3.0.jar
7f376a2a2000-7f376a2a7000 r--s 00021000 103:01 8258971                   /home/jane/.ivy2/cache/io.monix/monix-types_2.10/jars/monix-types_2.10-2.3.0.jar
7f376a2a7000-7f376a2a9000 r--s 00000000 103:01 8258951                   /home/jane/.ivy2/cache/org.webjars.npm/window-size/jars/window-size-0.1.0.jar
7f376a2a9000-7f376a2ab000 r--s 00000000 103:01 8258949                   /home/jane/.ivy2/cache/org.webjars.npm/decamelize/jars/decamelize-1.2.0.jar
7f376a2ab000-7f376a2ad000 r--s 00003000 103:01 8258957                   /home/jane/.ivy2/cache/org.webjars.npm/wordwrap/jars/wordwrap-0.0.2.jar
7f376a2ad000-7f376a2af000 r--s 00000000 103:01 8258955                   /home/jane/.ivy2/cache/org.webjars.npm/right-align/jars/right-align-0.1.3.jar
7f376a2af000-7f376a2b0000 r--s 00001000 103:01 8258961                   /home/jane/.ivy2/cache/org.webjars.npm/lazy-cache/jars/lazy-cache-1.0.4.jar
7f376a2b0000-7f376a2b1000 r--s 00001000 103:01 8258967                   /home/jane/.ivy2/cache/org.webjars.npm/repeat-string/jars/repeat-string-1.6.1.jar
7f376a2b1000-7f376a2b3000 r--s 00000000 103:01 8258965                   /home/jane/.ivy2/cache/org.webjars.npm/longest/jars/longest-1.0.1.jar
7f376a2b3000-7f376a2b4000 r--s 00001000 103:01 8258969                   /home/jane/.ivy2/cache/org.webjars.npm/is-buffer/jars/is-buffer-1.1.6.jar
7f376a2b4000-7f376a2b5000 r--s 00001000 103:01 8258963                   /home/jane/.ivy2/cache/org.webjars.npm/kind-of/jars/kind-of-3.2.2.jar
7f376a2b5000-7f376a2b6000 r--s 00001000 103:01 8258959                   /home/jane/.ivy2/cache/org.webjars.npm/align-text/jars/align-text-0.1.4.jar
7f376a2b6000-7f376a2b7000 r--s 00001000 103:01 8258953                   /home/jane/.ivy2/cache/org.webjars.npm/center-align/jars/center-align-0.1.3.jar
7f376a2b7000-7f376a2b8000 r--s 00002000 103:01 8258947                   /home/jane/.ivy2/cache/org.webjars.npm/cliui/jars/cliui-2.1.0.jar
7f376a2b8000-7f376a2ba000 r--s 00000000 103:01 8258945                   /home/jane/.ivy2/cache/org.webjars.npm/camelcase/jars/camelcase-1.2.1.jar
7f376a2ba000-7f376a2bc000 r--s 00008000 103:01 8258943                   /home/jane/.ivy2/cache/org.webjars.npm/yargs/jars/yargs-3.10.0.jar
7f376a2bc000-7f376a2bd000 r--s 00001000 103:01 8258941                   /home/jane/.ivy2/cache/org.webjars.npm/uglify-to-browserify/jars/uglify-to-browserify-1.0.2.jar
7f376a2bd000-7f376a2bf000 r--s 00030000 103:01 8258939                   /home/jane/.ivy2/cache/org.webjars.npm/source-map/jars/source-map-0.5.7.jar
7f376a2bf000-7f376a2c1000 r--s 00021000 103:01 8258937                   /home/jane/.ivy2/cache/org.webjars.npm/uglify-js/jars/uglify-js-2.8.14.jar
7f376a2c1000-7f376a2c4000 r--s 00012000 103:01 8258794                   /home/jane/.ivy2/cache/scala_2.10/sbt_0.13/com.typesafe.sbt/sbt-uglify/jars/sbt-uglify-2.0.0.jar
7f376a2c4000-7f376a2c6000 r--s 00008000 103:01 8258792                   /home/jane/.ivy2/cache/scala_2.10/sbt_0.13/net.ground5hark.sbt/sbt-concat/jars/sbt-concat-0.1.9.jar
7f376a2c6000-7f376a2ca000 r--s 0015c000 103:01 5779121                   /home/jane/.ivy2/cache/net.java.dev.jna/jna/jars/jna-4.5.1.jar
7f376a2ca000-7f376a2ce000 r--s 00531000 103:01 8258790                   /home/jane/.ivy2/cache/scala_2.10/sbt_0.13/org.irundaia.sbt/sbt-sassify/jars/sbt-sassify-1.4.13.jar
7f376a2ce000-7f376a2d0000 r--s 00007000 103:01 8258985                   /home/jane/.ivy2/cache/com.googlecode.java-diff-utils/diffutils/jars/diffutils-1.3.0.jar
7f376a2d0000-7f376a2d1000 r--s 00001000 103:01 8258983                   /home/jane/.ivy2/cache/com.michaelpollmeier/colordiff_2.10/jars/colordiff_2.10-0.8.jar
7f376a2d1000-7f376a2d2000 r--s 00000000 103:01 8258981                   /home/jane/.ivy2/cache/com.lucidchart/scalafmt-api/jars/scalafmt-api-1.16.jar
7f376a2d2000-7f376a2d7000 r--s 0001f000 103:01 8258798                   /home/jane/.ivy2/cache/scala_2.10/sbt_0.13/com.lucidchart/sbt-scalafmt/jars/sbt-scalafmt-1.16.jar
7f376a2d7000-7f376a2dc000 r--s 0003a000 103:01 8258935                   /home/jane/.ivy2/cache/org.scoverage/scalac-scoverage-plugin_2.10/jars/scalac-scoverage-plugin_2.10-1.3.1.jar
7f376a2dc000-7f376a2de000 r--s 00010000 103:01 8258784                   /home/jane/.ivy2/cache/scala_2.10/sbt_0.13/org.scoverage/sbt-scoverage/jars/sbt-scoverage-1.5.1.jar
7f376a2de000-7f376a302000 r--s 001bc000 103:01 8258933                   /home/jane/.ivy2/cache/org.scalariform/scalariform_2.10/jars/scalariform_2.10-0.2.0.jar
7f376a302000-7f376a315000 r--s 000e8000 103:01 8258931                   /home/jane/.ivy2/cache/org.scalastyle/scalastyle_2.10/jars/scalastyle_2.10-1.0.0.jar
7f376a315000-7f376a318000 r--s 00010000 103:01 8258782                   /home/jane/.ivy2/cache/scala_2.10/sbt_0.13/org.scalastyle/scalastyle-sbt-plugin/jars/scalastyle-sbt-plugin-1.0.0.jar
7f376a318000-7f376a380000 r--s 00319000 103:01 7734686                   /home/jane/.ivy2/cache/org.webjars/npm/jars/npm-4.2.0.jar
7f376a380000-7f376a381000 r--s 00001000 103:01 8258897                   /home/jane/.ivy2/cache/com.typesafe/npm_2.10/jars/npm_2.10-1.2.1.jar
7f376a381000-7f376a386000 r--s 00046000 103:01 12192080                  /home/jane/.ivy2/cache/io.spray/spray-json_2.10/jars/spray-json_2.10-1.3.5.jar
7f376a386000-7f376a38b000 r--s 000d2000 103:01 7734679                   /home/jane/.ivy2/cache/io.apigee.trireme/trireme-node10src/jars/trireme-node10src-0.9.4.jar
7f376a38b000-7f376a398000 r--s 00125000 103:01 7734685                   /home/jane/.ivy2/cache/org.mozilla/rhino/jars/rhino-1.7.10.jar
7f376a398000-7f376a39d000 r--s 0002d000 103:01 7734682                   /home/jane/.ivy2/cache/io.apigee.trireme/trireme-kernel/jars/trireme-kernel-0.9.4.jar
7f376a39d000-7f376a3a2000 r--s 00036000 103:01 7734678                   /home/jane/.ivy2/cache/io.apigee.trireme/trireme-core/jars/trireme-core-0.9.4.jar
7f376a3a2000-7f376a3a5000 r--s 00023000 103:01 8260184                   /home/jane/.ivy2/cache/com.typesafe/jse_2.10/jars/jse_2.10-1.2.4.jar
7f376a3a5000-7f376a3a9000 r--s 00021000 103:01 8260183                   /home/jane/.ivy2/cache/scala_2.10/sbt_0.13/com.typesafe.sbt/sbt-js-engine/jars/sbt-js-engine-1.2.3.jar
7f376a3a9000-7f376a3ad000 r--s 0004c000 103:01 7734668                   /home/jane/.ivy2/cache/com.fasterxml.jackson.core/jackson-core/bundles/jackson-core-2.9.7.jar
7f376a3ad000-7f376a3b5000 r--s 00073000 103:01 7734666                   /home/jane/.ivy2/cache/org.apache.commons/commons-lang3/jars/commons-lang3-3.8.1.jar
7f376a3b5000-7f376a3b6000 r--s 00006000 103:01 7734663                   /home/jane/.ivy2/cache/org.webjars/webjars-locator-core/jars/webjars-locator-core-0.36.jar
7f376a3b6000-7f376a3de000 r--s 00289000 103:01 8258893                   /home/jane/.ivy2/cache/com.typesafe.akka/akka-actor_2.10/jars/akka-actor_2.10-2.3.16.jar
7f376a3de000-7f376a3e6000 r--s 00046000 103:01 8260180                   /home/jane/.ivy2/cache/scala_2.10/sbt_0.13/com.typesafe.sbt/sbt-web/jars/sbt-web-1.4.4.jar
7f376a3e6000-7f376a3e9000 r--s 0000e000 103:01 8258879                   /home/jane/.ivy2/cache/scala_2.10/sbt_0.13/com.lightbend.sbt/sbt-javaagent/jars/sbt-javaagent-0.1.4.jar
7f376a3e9000-7f376a3ec000 r--s 00014000 103:01 8258891                   /home/jane/.ivy2/cache/com.typesafe.play/twirl-parser_2.10/jars/twirl-parser_2.10-1.3.15.jar
7f376a3ec000-7f376a3ef000 r--s 00019000 103:01 8258889                   /home/jane/.ivy2/cache/com.typesafe.play/twirl-compiler_2.10/jars/twirl-compiler_2.10-1.3.15.jar
7f376a3ef000-7f376a3f1000 r--s 00012000 103:01 8258871                   /home/jane/.ivy2/cache/scala_2.10/sbt_0.13/com.typesafe.sbt/sbt-twirl/jars/sbt-twirl-1.3.15.jar
7f376a3f1000-7f376a3f3000 r--s 00009000 103:01 5769345                   /home/jane/.ivy2/cache/org.slf4j/slf4j-api/jars/slf4j-api-1.7.25.jar
7f376a3f3000-7f376a3f4000 r--s 00003000 103:01 7734559                   /home/jane/.ivy2/cache/org.slf4j/slf4j-simple/jars/slf4j-simple-1.7.25.jar
7f376a3f4000-7f376a3f9000 r--s 00041000 103:01 5807407                   /home/jane/.ivy2/cache/com.typesafe/config/bundles/config-1.3.3.jar
7f376a3f9000-7f376a3fd000 r--s 0002a000 103:01 8258887                   /home/jane/.ivy2/cache/com.github.pathikrit/better-files_2.10/jars/better-files_2.10-2.14.0.jar
7f376a3fd000-7f376a3ff000 r--s 000a0000 103:01 8258885                   /home/jane/.ivy2/cache/com.lightbend.play/jnotify/jars/jnotify-0.94-play-2.jar
7f376a3ff000-7f376a402000 r--s 00010000 103:01 8258869                   /home/jane/.ivy2/cache/com.lightbend.play/play-file-watch_2.10/jars/play-file-watch_2.10-1.0.0.jar
7f376a402000-7f376a403000 r--s 00001000 103:01 7733783                   /home/jane/.ivy2/cache/com.typesafe.play/play-exceptions/jars/play-exceptions-2.6.23.jar
7f376a403000-7f376a404000 r--s 00000000 103:01 7733782                   /home/jane/.ivy2/cache/com.typesafe.play/build-link/jars/build-link-2.6.23.jar
7f376a404000-7f376a407000 r--s 00015000 103:01 8260179                   /home/jane/.ivy2/cache/com.typesafe.play/run-support_2.10/jars/run-support_2.10-2.6.23.jar
7f376a407000-7f376a40b000 r--s 0002f000 103:01 5901134                   /home/jane/.ivy2/cache/commons-io/commons-io/jars/commons-io-2.5.jar
7f376a40b000-7f376a40e000 r--s 00010000 103:01 8258883                   /home/jane/.ivy2/cache/com.typesafe.play/twirl-api_2.10/jars/twirl-api_2.10-1.3.15.jar
7f376a40e000-7f376a41e000 r--s 00086000 103:01 8260178                   /home/jane/.ivy2/cache/com.typesafe.play/sbt-routes-compiler_2.10/jars/sbt-routes-compiler_2.10-2.6.23.jar
7f376a41e000-7f376a429000 r--s 00061000 103:01 8260175                   /home/jane/.ivy2/cache/scala_2.10/sbt_0.13/com.typesafe.play/sbt-plugin/jars/sbt-plugin-2.6.23.jar
7f376a429000-7f376a42a000 r--s 00000000 103:01 7603897                   /home/jane/.ivy2/cache/com.github.eldis/tool-launcher/jars/tool-launcher-0.2.2.jar
7f376a42a000-7f376a42b000 r--s 00004000 103:01 7734592                   /home/jane/.ivy2/cache/org.apache.ant/ant-launcher/jars/ant-launcher-1.10.5.jar
7f376a42b000-7f376a44a000 r--s 001ff000 103:01 7734588                   /home/jane/.ivy2/cache/org.apache.ant/ant/jars/ant-1.10.5.jar
7f376a44a000-7f376a475000 r--s 0017c000 103:01 8260143                   /home/jane/.ivy2/cache/scala_2.10/sbt_0.13/com.typesafe.sbt/sbt-native-packager/jars/sbt-native-packager-1.5.1.jar
7f376a475000-7f376a481000 r--s 0008b000 103:01 5914039                   /home/jane/.ivy2/cache/org.apache.commons/commons-compress/jars/commons-compress-1.19.jar
7f376a481000-7f376a483000 r--s 00006000 103:01 8260127                   /home/jane/.ivy2/cache/scala_2.10/sbt_0.13/uk.gov.hmrc/sbt-distributables/jars/sbt-distributables-2.0.0.jar
7f376a483000-7f376a49c000 r--s 00123000 103:01 8258836                   /home/jane/.ivy2/cache/io.netty/netty/bundles/netty-3.10.6.Final.jar
7f376a49c000-7f376a4a9000 r--s 000a9000 103:01 8258834                   /home/jane/.ivy2/cache/com.ning/async-http-client/jars/async-http-client-1.9.40.jar
7f376a4a9000-7f376a4b0000 r--s 0003e000 103:01 8258828                   /home/jane/.ivy2/cache/net.databinder.dispatch/dispatch-core_2.10/jars/dispatch-core_2.10-0.11.4.jar
7f376a4b0000-7f376a4b4000 r--s 00020000 103:01 7899699                   /home/jane/.ivy2/cache/org.joda/joda-convert/jars/joda-convert-2.2.1.jar
7f376a4b4000-7f376a4b6000 r--s 00014000 103:01 7880720                   /home/jane/.ivy2/cache/com.fasterxml.jackson.datatype/jackson-datatype-jsr310/bundles/jackson-datatype-jsr310-2.8.11.jar
7f376a4b6000-7f376a4c8000 r--s 0011e000 103:01 7733324                   /home/jane/.ivy2/cache/com.fasterxml.jackson.core/jackson-databind/bundles/jackson-databind-2.8.11.4.jar
7f376a4c8000-7f376a4ca000 r--s 00007000 103:01 7880719                   /home/jane/.ivy2/cache/com.fasterxml.jackson.datatype/jackson-datatype-jdk8/bundles/jackson-datatype-jdk8-2.8.11.jar
7f376a4ca000-7f376a4cd000 r--s 0000b000 103:01 7735141                   /home/jane/.ivy2/cache/com.fasterxml.jackson.core/jackson-annotations/bundles/jackson-annotations-2.8.11.jar
7f376a4cd000-7f376a4d9000 r--s 000a4000 103:01 8258841                   /home/jane/.ivy2/cache/org.scalamacros/quasiquotes_2.10/jars/quasiquotes_2.10-2.1.0.jar
7f376a4d9000-7f376a4dc000 r--s 00024000 103:01 8258840                   /home/jane/.ivy2/cache/org.typelevel/macro-compat_2.10/jars/macro-compat_2.10-1.1.1.jar
7f376a4dc000-7f376a4e5000 r--s 0005a000 103:01 8260141                   /home/jane/.ivy2/cache/com.typesafe.play/play-functional_2.10/jars/play-functional_2.10-2.6.14.jar
7f376a4e5000-7f376a505000 r--s 00145000 103:01 8260136                   /home/jane/.ivy2/cache/com.typesafe.play/play-json_2.10/jars/play-json_2.10-2.6.14.jar
7f376a505000-7f376a506000 r--s 00003000 103:01 8258851                   /home/jane/.ivy2/cache/scala_2.10/sbt_0.13/org.portable-scala/sbt-platform-deps/jars/sbt-platform-deps-1.0.0.jar
7f376a506000-7f376a508000 r--s 00002000 103:01 5769323                   /home/jane/.ivy2/cache/org.scala-sbt/test-interface/jars/test-interface-1.0.jar
7f376a508000-7f376a50e000 r--s 0002f000 103:01 8260139                   /home/jane/.ivy2/cache/org.scala-js/scalajs-sbt-test-adapter_2.10/jars/scalajs-sbt-test-adapter_2.10-0.6.31.jar
7f376a50e000-7f376a50f000 r--s 00027000 103:01 8258863                   /home/jane/.ivy2/cache/org.webjars/envjs/jars/envjs-1.2.jar
7f376a50f000-7f376a517000 r--s 00048000 103:01 8260138                   /home/jane/.ivy2/cache/org.scala-js/scalajs-js-envs_2.10/jars/scalajs-js-envs_2.10-0.6.31.jar
7f376a517000-7f376a518000 r--s 00005000 103:01 8258859                   /home/jane/.ivy2/cache/com.googlecode.json-simple/json-simple/bundles/json-simple-1.1.1.jar
7f376a518000-7f376a519000 r--s 00000000 103:01 11153899                  /home/jane/.ivy2/cache/com.google.jsinterop/jsinterop-annotations/jars/jsinterop-annotations-1.0.0.jar
7f376a519000-7f376a528000 r--s 00130000 103:01 5793669                   /home/jane/.ivy2/cache/com.google.protobuf/protobuf-java/bundles/protobuf-java-3.0.2.jar
7f376a528000-7f376a529000 r--s 00000000 103:01 7880952                   /home/jane/.ivy2/cache/org.codehaus.mojo/animal-sniffer-annotations/jars/animal-sniffer-annotations-1.14.jar
7f376a529000-7f376a52b000 r--s 00001000 103:01 7864757                   /home/jane/.ivy2/cache/com.google.j2objc/j2objc-annotations/jars/j2objc-annotations-1.1.jar
7f376a52b000-7f376a53d000 r--s 00042000 103:01 7868812                   /home/jane/.ivy2/cache/org.checkerframework/checker-qual/jars/checker-qual-2.0.0.jar
7f376a53d000-7f376a53f000 r--s 00003000 103:01 7868809                   /home/jane/.ivy2/cache/com.google.code.findbugs/jsr305/jars/jsr305-3.0.1.jar
7f376a53f000-7f376a571000 r--s 0026a000 103:01 7735293                   /home/jane/.ivy2/cache/com.google.guava/guava/bundles/guava-25.1-jre.jar
7f376a571000-7f376a573000 r--s 00002000 103:01 7868801                   /home/jane/.ivy2/cache/com.google.errorprone/error_prone_annotations/jars/error_prone_annotations-2.3.1.jar
7f376a573000-7f376a574000 r--s 00030000 103:01 10897033                  /home/jane/.ivy2/cache/com.google.javascript/closure-compiler-externs/jars/closure-compiler-externs-v20190513.jar
7f376a574000-7f376a5fc000 r--s 0097d000 103:01 10753016                  /home/jane/.ivy2/cache/com.google.javascript/closure-compiler/jars/closure-compiler-v20190513.jar
7f376a5fc000-7f376a608000 r--s 00096000 103:01 8260140                   /home/jane/.ivy2/cache/org.scala-js/scalajs-ir_2.10/jars/scalajs-ir_2.10-0.6.31.jar
7f376a608000-7f376a644000 r--s 00249000 103:01 8260137                   /home/jane/.ivy2/cache/org.scala-js/scalajs-tools_2.10/jars/scalajs-tools_2.10-0.6.31.jar
7f376a644000-7f376a64f000 r--s 00060000 103:01 8260135                   /home/jane/.ivy2/cache/scala_2.10/sbt_0.13/org.scala-js/sbt-scalajs/jars/sbt-scalajs-0.6.31.jar
7f376a64f000-7f376a653000 r--s 0001b000 103:01 8260126                   /home/jane/.ivy2/cache/scala_2.10/sbt_0.13/uk.gov.hmrc/sbt-artifactory/jars/sbt-artifactory-1.0.0.jar
7f376a653000-7f376a657000 r--s 0001d000 103:01 8258816                   /home/jane/.ivy2/cache/scala_2.10/sbt_0.13/com.typesafe.sbt/sbt-git/jars/sbt-git-1.0.0.jar
7f376a657000-7f376a674000 r--s 002b7000 103:01 8258824                   /home/jane/.ivy2/cache/org.typelevel/cats-kernel_2.10/jars/cats-kernel_2.10-1.2.0.jar
7f376a674000-7f376a675000 r--s 00007000 103:01 8258826                   /home/jane/.ivy2/cache/org.typelevel/machinist_2.10/jars/machinist_2.10-0.6.4.jar
7f376a675000-7f376a676000 r--s 00001000 103:01 8258822                   /home/jane/.ivy2/cache/org.typelevel/cats-macros_2.10/jars/cats-macros_2.10-1.2.0.jar
7f376a676000-7f376a6c7000 r--s 004c7000 103:01 8258820                   /home/jane/.ivy2/cache/org.typelevel/cats-core_2.10/jars/cats-core_2.10-1.2.0.jar
7f376a6c7000-7f376a6cb000 r--s 00022000 103:01 8260134                   /home/jane/.ivy2/cache/com.github.scopt/scopt_2.10/jars/scopt_2.10-3.7.1.jar
7f376a6cb000-7f376a6cc000 r--s 00006000 103:01 8260133                   /home/jane/.ivy2/cache/uk.gov.hmrc/release-versioning_2.10/jars/release-versioning_2.10-0.16.0.jar
7f376a6cc000-7f376a6cd000 r--s 00002000 103:01 8260125                   /home/jane/.ivy2/cache/scala_2.10/sbt_0.13/uk.gov.hmrc/sbt-git-versioning/jars/sbt-git-versioning-2.1.0.jar
7f376a6cd000-7f376a6cf000 r--s 0000a000 103:01 5914032                   /home/jane/.ivy2/cache/org.eclipse.jgit/org.eclipse.jgit.lfs.server/jars/org.eclipse.jgit.lfs.server-4.11.9.201909030838-r.jar
7f376a6cf000-7f376a6d4000 r--s 00034000 103:01 5914038                   /home/jane/.ivy2/cache/com.google.code.gson/gson/jars/gson-2.8.2.jar
7f376a6d4000-7f376a6d7000 r--s 00010000 103:01 5914031                   /home/jane/.ivy2/cache/org.eclipse.jgit/org.eclipse.jgit.lfs/jars/org.eclipse.jgit.lfs-4.11.9.201909030838-r.jar
7f376a6d7000-7f376a6da000 r--s 0001d000 103:01 5914036                   /home/jane/.ivy2/cache/org.eclipse.jetty/jetty-io/jars/jetty-io-9.4.8.v20171121.jar
7f376a6da000-7f376a6e2000 r--s 0006e000 103:01 5914037                   /home/jane/.ivy2/cache/org.eclipse.jetty/jetty-util/jars/jetty-util-9.4.8.v20171121.jar
7f376a6e2000-7f376a6e5000 r--s 00026000 103:01 5914035                   /home/jane/.ivy2/cache/org.eclipse.jetty/jetty-http/jars/jetty-http-9.4.8.v20171121.jar
7f376a6e5000-7f376a6e8000 r--s 00015000 103:01 5898462                   /home/jane/.ivy2/cache/javax.servlet/javax.servlet-api/jars/javax.servlet-api-3.1.0.jar
7f376a6e8000-7f376a6f0000 r--s 00087000 103:01 5914034                   /home/jane/.ivy2/cache/org.eclipse.jetty/jetty-server/jars/jetty-server-9.4.8.v20171121.jar
7f376a6f0000-7f376a6f2000 r--s 00015000 103:01 5914033                   /home/jane/.ivy2/cache/org.eclipse.jetty/jetty-security/jars/jetty-security-9.4.8.v20171121.jar
7f376a6f2000-7f376a6f4000 r--s 00019000 103:01 5914030                   /home/jane/.ivy2/cache/org.eclipse.jetty/jetty-servlet/jars/jetty-servlet-9.4.8.v20171121.jar
7f376a6f4000-7f376a6f6000 r--s 0000e000 103:01 5898459                   /home/jane/.ivy2/cache/javax.activation/activation/jars/activation-1.1.jar
7f376a6f6000-7f376a6fc000 r--s 00059000 103:01 5898456                   /home/jane/.ivy2/cache/javax.mail/mail/jars/mail-1.4.jar
7f376a6fc000-7f376a703000 r--s 00059000 103:01 5898435                   /home/jane/.ivy2/cache/log4j/log4j/jars/log4j-1.2.15.jar
7f376a703000-7f376a705000 r--s 00001000 103:01 5898434                   /home/jane/.ivy2/cache/org.slf4j/slf4j-log4j12/jars/slf4j-log4j12-1.7.2.jar
7f376a705000-7f376a70d000 r--s 00048000 103:01 5900990                   /home/jane/.ivy2/cache/org.apache.httpcomponents/httpcore/jars/httpcore-4.4.6.jar
7f376a70d000-7f376a70f000 r--s 00004000 103:01 5914029                   /home/jane/.ivy2/cache/org.eclipse.jgit/org.eclipse.jgit.http.apache/jars/org.eclipse.jgit.http.apache-4.11.9.201909030838-r.jar
7f376a70f000-7f376a716000 r--s 0004f000 103:01 5898447                   /home/jane/.ivy2/cache/org.osgi/org.osgi.core/jars/org.osgi.core-4.3.1.jar
7f376a716000-7f376a718000 r--s 00005000 103:01 5914027                   /home/jane/.ivy2/cache/org.eclipse.jgit/org.eclipse.jgit.archive/jars/org.eclipse.jgit.archive-4.11.9.201909030838-r.jar
7f376a718000-7f376a71c000 r--s 00022000 103:01 5898420                   /home/jane/.ivy2/cache/args4j/args4j/bundles/args4j-2.33.jar
7f376a71c000-7f376a720000 r--s 0003f000 103:01 5914024                   /home/jane/.ivy2/cache/org.eclipse.jgit/org.eclipse.jgit.pgm/jars/org.eclipse.jgit.pgm-4.11.9.201909030838-r.jar
7f376a720000-7f376a727000 r--s 00044000 103:01 15335432                  /home/jane/.ivy2/cache/org.yaml/snakeyaml/bundles/snakeyaml-1.25.jar
7f376a727000-7f376a72e000 r--s 0003a000 103:01 5901138                   /home/jane/.ivy2/cache/commons-codec/commons-codec/jars/commons-codec-1.9.jar
7f376a72e000-7f376a73b000 r--s 000a7000 103:01 5914026                   /home/jane/.ivy2/cache/org.apache.httpcomponents/httpclient/jars/httpclient-4.5.2.jar
7f376a73b000-7f376a762000 r--s 0026a000 103:01 5914025                   /home/jane/.ivy2/cache/org.eclipse.jgit/org.eclipse.jgit/jars/org.eclipse.jgit-4.11.9.201909030838-r.jar
7f376a762000-7f376a7f8000 r--s 01111000 103:01 6030538                   /usr/lib/jvm/jdk1.8.0_202/jre/lib/ext/jfxrt.jar
7f376a7f8000-7f376a9f8000 rw-p 00000000 00:00 0 
7f376a9f8000-7f376abf8000 rw-p 00000000 00:00 0 
7f376abf8000-7f376adf8000 rw-p 00000000 00:00 0 
7f376adf8000-7f376aff8000 rw-p 00000000 00:00 0 
7f376aff8000-7f376b1f8000 rw-p 00000000 00:00 0 
7f376b1f8000-7f376b3f8000 rw-p 00000000 00:00 0 
7f376b3f8000-7f376b5f8000 rw-p 00000000 00:00 0 
7f376b5f8000-7f376b5fb000 ---p 00000000 00:00 0 
7f376b5fb000-7f376b6f9000 rw-p 00000000 00:00 0 
7f376b6f9000-7f376b6fc000 ---p 00000000 00:00 0 
7f376b6fc000-7f376b7fa000 rw-p 00000000 00:00 0 
7f376b7fa000-7f376b7fd000 ---p 00000000 00:00 0 
7f376b7fd000-7f376b8fb000 rw-p 00000000 00:00 0 
7f376b8fb000-7f376b8fe000 ---p 00000000 00:00 0 
7f376b8fe000-7f376b9fc000 rw-p 00000000 00:00 0 
7f376b9fc000-7f376b9ff000 ---p 00000000 00:00 0 
7f376b9ff000-7f376bafd000 rw-p 00000000 00:00 0 
7f376bafd000-7f376bb00000 ---p 00000000 00:00 0 
7f376bb00000-7f376bbfe000 rw-p 00000000 00:00 0 
7f376bbfe000-7f376bc01000 ---p 00000000 00:00 0 
7f376bc01000-7f376bcff000 rw-p 00000000 00:00 0 
7f376bcff000-7f376bd02000 ---p 00000000 00:00 0 
7f376bd02000-7f376c000000 rw-p 00000000 00:00 0 
7f376c000000-7f376c021000 rw-p 00000000 00:00 0 
7f376c021000-7f3770000000 ---p 00000000 00:00 0 
7f3770000000-7f3770001000 r--s 00006000 103:01 5914028                   /home/jane/.ivy2/cache/org.eclipse.jgit/org.eclipse.jgit.ui/jars/org.eclipse.jgit.ui-4.11.9.201909030838-r.jar
7f3770001000-7f3770005000 r--s 0001d000 103:01 8260131                   /home/jane/.ivy2/cache/scala_2.10/sbt_0.13/com.eed3si9n/sbt-buildinfo/jars/sbt-buildinfo-0.7.0.jar
7f3770005000-7f3770007000 r--s 0000e000 103:01 5901137                   /home/jane/.ivy2/cache/commons-logging/commons-logging/jars/commons-logging-1.2.jar
7f3770007000-7f377000b000 r--s 00025000 103:01 5898446                   /home/jane/.ivy2/cache/com.googlecode.javaewah/JavaEWAH/bundles/JavaEWAH-1.1.6.jar
7f377000b000-7f377000c000 r--s 00010000 103:01 7603895                   /home/jane/.ivy2/cache/com.jcraft/jzlib/jars/jzlib-1.1.1.jar
7f377000c000-7f3770011000 r--s 00040000 103:01 5769331                   /home/jane/.ivy2/cache/com.jcraft/jsch/jars/jsch-0.1.54.jar
7f3770011000-7f3770022000 r--s 0008c000 103:01 7864744                   /home/jane/.ivy2/cache/joda-time/joda-time/jars/joda-time-2.10.1.jar
7f3770022000-7f3770026000 r--s 0002d000 103:01 8260132                   /home/jane/.ivy2/cache/com.github.nscala-time/nscala-time_2.10/jars/nscala-time_2.10-2.22.0.jar
7f3770026000-7f3770028000 r--s 00003000 103:01 8260130                   /home/jane/.ivy2/cache/scala_2.10/sbt_0.13/uk.gov.hmrc/sbt-git-stamp/jars/sbt-git-stamp-6.0.0.jar
7f3770028000-7f377002a000 r--s 0000a000 103:01 8260129                   /home/jane/.ivy2/cache/scala_2.10/sbt_0.13/uk.gov.hmrc/sbt-settings/jars/sbt-settings-4.1.0.jar
7f377002a000-7f377002d000 r--s 00019000 103:01 8260128                   /home/jane/.ivy2/cache/scala_2.10/sbt_0.13/de.heikoseeberger/sbt-header/jars/sbt-header-4.1.0.jar
7f377002d000-7f377002f000 r--s 00011000 103:01 8260124                   /home/jane/.ivy2/cache/scala_2.10/sbt_0.13/uk.gov.hmrc/sbt-auto-build/jars/sbt-auto-build-2.4.0.jar
7f377002f000-7f3770035000 r--s 0003f000 103:01 6030545                   /usr/lib/jvm/jdk1.8.0_202/jre/lib/ext/sunjce_provider.jar
7f3770035000-7f3770050000 r--s 001d4000 103:01 6030540                   /usr/lib/jvm/jdk1.8.0_202/jre/lib/ext/nashorn.jar
7f3770050000-7f3770054000 r--s 0003a000 103:01 6030542                   /usr/lib/jvm/jdk1.8.0_202/jre/lib/ext/sunpkcs11.jar
7f3770054000-7f3770070000 r--s 00393000 103:01 6030537                   /usr/lib/jvm/jdk1.8.0_202/jre/lib/ext/cldrdata.jar
7f3770070000-7f3770072000 r--s 00009000 103:01 6030535                   /usr/lib/jvm/jdk1.8.0_202/jre/lib/ext/sunec.jar
7f3770072000-7f3770074000 r--s 00001000 103:01 6030536                   /usr/lib/jvm/jdk1.8.0_202/jre/lib/ext/dnsns.jar
7f3770074000-7f3770075000 r--s 0000a000 103:01 6030539                   /usr/lib/jvm/jdk1.8.0_202/jre/lib/ext/jaccess.jar
7f3770075000-7f377007f000 r--s 00116000 103:01 6030544                   /usr/lib/jvm/jdk1.8.0_202/jre/lib/ext/localedata.jar
7f377007f000-7f3770080000 r--s 00010000 103:01 6030541                   /usr/lib/jvm/jdk1.8.0_202/jre/lib/ext/zipfs.jar
7f3770080000-7f3770085000 r--s 00084000 103:01 6030393                   /usr/lib/jvm/jdk1.8.0_202/jre/lib/jfr.jar
7f3770085000-7f3770088000 ---p 00000000 00:00 0 
7f3770088000-7f3770386000 rw-p 00000000 00:00 0 
7f3770386000-7f3770586000 rw-p 00000000 00:00 0 
7f3770586000-7f3770786000 rw-p 00000000 00:00 0 
7f3770786000-7f3770986000 rw-p 00000000 00:00 0 
7f3770986000-7f3770b86000 rw-p 00000000 00:00 0 
7f3770b86000-7f3770bff000 r--s 010fd000 103:01 5900079                   /usr/lib/jvm/jdk1.8.0_202/lib/tools.jar
7f3770bff000-7f3770dff000 rw-p 00000000 00:00 0 
7f3770dff000-7f3770fff000 rw-p 00000000 00:00 0 
7f3770fff000-7f3774000000 rw-p 00000000 00:00 0 
7f3774000000-7f3774021000 rw-p 00000000 00:00 0 
7f3774021000-7f3778000000 ---p 00000000 00:00 0 
7f3778000000-7f3778005000 r--s 002f9000 103:01 6030474                   /usr/lib/jvm/jdk1.8.0_202/jre/lib/charsets.jar
7f3778005000-7f3778008000 r--s 0001a000 103:01 6030710                   /usr/lib/jvm/jdk1.8.0_202/jre/lib/jce.jar
7f3778008000-7f377800e000 r--s 00038000 103:01 8259052                   /home/jane/.sbt/boot/scala-2.10.7/org.scala-sbt/sbt/0.13.18/org.scala-sbt-compiler-interface-0.13.18-bin_2.10.7__52.0/org.scala-sbt-compiler-interface-0.13.18-bin_2.10.7__52.0.jar
7f377800e000-7f3778021000 r--s 00345000 103:01 6030514                   /usr/lib/jvm/jdk1.8.0_202/jre/lib/resources.jar
7f3778021000-7f3778025000 r--s 000a1000 103:01 6030533                   /usr/lib/jvm/jdk1.8.0_202/jre/lib/jsse.jar
7f3778025000-7f3778027000 r--s 0000b000 103:01 8258096                   /home/jane/.sbt/boot/scala-2.10.7/org.scala-sbt/sbt/0.13.18/xsbti/interface-0.13.18.jar
7f3778027000-7f377802b000 r--s 0001d000 103:01 8258110                   /home/jane/.sbt/boot/scala-2.10.7/org.scala-sbt/sbt/0.13.18/tasks-0.13.18.jar
7f377802b000-7f3778030000 r--s 00025000 103:01 8258101                   /home/jane/.sbt/boot/scala-2.10.7/org.scala-sbt/sbt/0.13.18/persist-0.13.18.jar
7f3778030000-7f3778038000 r--s 00058000 103:01 8258107                   /home/jane/.sbt/boot/scala-2.10.7/org.scala-sbt/sbt/0.13.18/completion-0.13.18.jar
7f3778038000-7f377803a000 r--s 00014000 103:01 8258119                   /home/jane/.sbt/boot/scala-2.10.7/org.scala-sbt/sbt/0.13.18/apply-macro-0.13.18.jar
7f377803a000-7f3778040000 r--s 00038000 103:01 8258099                   /home/jane/.sbt/boot/scala-2.10.7/org.scala-sbt/sbt/0.13.18/compiler-interface-0.13.18.jar
7f3778040000-7f3778047000 r--s 0004b000 103:01 8258111                   /home/jane/.sbt/boot/scala-2.10.7/org.scala-sbt/sbt/0.13.18/serialization_2.10-0.1.2.jar
7f3778047000-7f377804d000 r--s 00039000 103:01 8258138                   /home/jane/.sbt/boot/scala-2.10.7/org.scala-sbt/sbt/0.13.18/compile-0.13.18.jar
7f377804d000-7f3778051000 r--s 0003e000 103:01 8258106                   /home/jane/.sbt/boot/scala-2.10.7/org.scala-sbt/sbt/0.13.18/jline-2.14.5.jar
7f3778051000-7f3778055000 r--s 00022000 103:01 8258109                   /home/jane/.sbt/boot/scala-2.10.7/org.scala-sbt/sbt/0.13.18/sbinary_2.10-0.4.2.jar
7f3778055000-7f377805b000 r--s 00040000 103:01 8258092                   /home/jane/.sbt/boot/scala-2.10.7/org.scala-sbt/sbt/0.13.18/api-0.13.18.jar
7f377805b000-7f377805e000 r--s 0001a000 103:01 8258102                   /home/jane/.sbt/boot/scala-2.10.7/org.scala-sbt/sbt/0.13.18/cache-0.13.18.jar
7f377805e000-7f3778065000 r--s 0003f000 103:01 8258125                   /home/jane/.sbt/boot/scala-2.10.7/org.scala-sbt/sbt/0.13.18/io-0.13.18.jar
7f3778065000-7f3778067000 r--s 0000e000 103:01 8258120                   /home/jane/.sbt/boot/scala-2.10.7/org.scala-sbt/sbt/0.13.18/logic-0.13.18.jar
7f3778067000-7f3778069000 r--s 00006000 103:01 8258093                   /home/jane/.sbt/boot/scala-2.10.7/org.scala-sbt/sbt/0.13.18/relation-0.13.18.jar
7f3778069000-7f377806b000 r--s 00013000 103:01 8258114                   /home/jane/.sbt/boot/scala-2.10.7/org.scala-sbt/sbt/0.13.18/json4s-ast_2.10-3.2.10.jar
7f377806b000-7f3778077000 r--s 000a4000 103:01 8258123                   /home/jane/.sbt/boot/scala-2.10.7/org.scala-sbt/sbt/0.13.18/quasiquotes_2.10-2.0.1.jar
7f3778077000-7f377807c000 r--s 0003a000 103:01 8258103                   /home/jane/.sbt/boot/scala-2.10.7/org.scala-sbt/sbt/0.13.18/command-0.13.18.jar
7f377807c000-7f377808a000 r--s 000bc000 103:01 8258098                   /home/jane/.sbt/boot/scala-2.10.7/org.scala-sbt/sbt/0.13.18/scala-pickling_2.10-0.10.1.jar
7f377808a000-7f377808c000 r--s 00002000 103:01 8258100                   /home/jane/.sbt/boot/scala-2.10.7/org.scala-sbt/sbt/0.13.18/control-0.13.18.jar
7f377808c000-7f3778090000 r--s 0001b000 103:01 8258137                   /home/jane/.sbt/boot/scala-2.10.7/org.scala-sbt/sbt/0.13.18/process-0.13.18.jar
7f3778090000-7f377809a000 r--s 00070000 103:01 8258134                   /home/jane/.sbt/boot/scala-2.10.7/org.scala-sbt/sbt/0.13.18/incremental-compiler-0.13.18.jar
7f377809a000-7f37780af000 r--s 00101000 103:01 8258104                   /home/jane/.sbt/boot/scala-2.10.7/org.scala-sbt/sbt/0.13.18/ivy-2.3.0-sbt-b18f59ea3bc914a297bb6f1a4f7fb0ace399e310.jar
7f37780af000-7f37780e4000 r--s 002df000 103:01 8258118                   /home/jane/.sbt/boot/scala-2.10.7/org.scala-sbt/sbt/0.13.18/scala-reflect-2.10.7.jar
7f37780e4000-7f37780ef000 r--s 0009b000 103:01 8258135                   /home/jane/.sbt/boot/scala-2.10.7/org.scala-sbt/sbt/0.13.18/main-settings-0.13.18.jar
7f37780ef000-7f3778120000 r--s 00274000 103:01 8258129                   /home/jane/.sbt/boot/scala-2.10.7/org.scala-sbt/sbt/0.13.18/main-0.13.18.jar
7f3778120000-7f377821f000 r--s 00cda000 103:01 8258155                   /home/jane/.sbt/boot/scala-2.10.7/lib/scala-compiler.jar
7f377821f000-7f3778292000 r--s 0065b000 103:01 8258157                   /home/jane/.sbt/boot/scala-2.10.7/lib/scala-library.jar
7f3778292000-7f37782a3000 r-xp 00000000 103:01 6030698                   /usr/lib/jvm/jdk1.8.0_202/jre/lib/amd64/libnio.so
7f37782a3000-7f37784a2000 ---p 00011000 103:01 6030698                   /usr/lib/jvm/jdk1.8.0_202/jre/lib/amd64/libnio.so
7f37784a2000-7f37784a3000 r--p 00010000 103:01 6030698                   /usr/lib/jvm/jdk1.8.0_202/jre/lib/amd64/libnio.so
7f37784a3000-7f37784a4000 rw-p 00011000 103:01 6030698                   /usr/lib/jvm/jdk1.8.0_202/jre/lib/amd64/libnio.so
7f37784a4000-7f37784ba000 r-xp 00000000 103:01 6030695                   /usr/lib/jvm/jdk1.8.0_202/jre/lib/amd64/libnet.so
7f37784ba000-7f37786ba000 ---p 00016000 103:01 6030695                   /usr/lib/jvm/jdk1.8.0_202/jre/lib/amd64/libnet.so
7f37786ba000-7f37786bb000 r--p 00016000 103:01 6030695                   /usr/lib/jvm/jdk1.8.0_202/jre/lib/amd64/libnet.so
7f37786bb000-7f37786bc000 rw-p 00017000 103:01 6030695                   /usr/lib/jvm/jdk1.8.0_202/jre/lib/amd64/libnet.so
7f37786bc000-7f37786bd000 ---p 00000000 00:00 0 
7f37786bd000-7f37787bd000 rw-p 00000000 00:00 0 
7f37787bd000-7f37787c0000 ---p 00000000 00:00 0 
7f37787c0000-7f37788be000 rw-p 00000000 00:00 0 
7f37788be000-7f37788bf000 ---p 00000000 00:00 0 
7f37788bf000-7f37788c2000 ---p 00000000 00:00 0 
7f37788c2000-7f37789bf000 rw-p 00000000 00:00 0 
7f37789bf000-7f37789c0000 ---p 00000000 00:00 0 
7f37789c0000-7f37789c3000 ---p 00000000 00:00 0 
7f37789c3000-7f3778ac0000 rw-p 00000000 00:00 0 
7f3778ac0000-7f3778ac1000 ---p 00000000 00:00 0 
7f3778ac1000-7f3778ac4000 ---p 00000000 00:00 0 
7f3778ac4000-7f3778bc1000 rw-p 00000000 00:00 0 
7f3778bc1000-7f3778bc2000 ---p 00000000 00:00 0 
7f3778bc2000-7f3778bc5000 ---p 00000000 00:00 0 
7f3778bc5000-7f3778cc2000 rw-p 00000000 00:00 0 
7f3778cc2000-7f3778cc5000 ---p 00000000 00:00 0 
7f3778cc5000-7f3778dc3000 rw-p 00000000 00:00 0 
7f3778dc3000-7f3779792000 r--p 00000000 103:01 9443949                   /usr/lib/locale/locale-archive
7f3779792000-7f3779795000 ---p 00000000 00:00 0 
7f3779795000-7f3779893000 rw-p 00000000 00:00 0 
7f3779893000-7f3779896000 ---p 00000000 00:00 0 
7f3779896000-7f3779994000 rw-p 00000000 00:00 0 
7f3779994000-7f3779995000 ---p 00000000 00:00 0 
7f3779995000-7f377b5b0000 rw-p 00000000 00:00 0 
7f377b5b0000-7f377b78a000 r--s 03d6a000 103:01 6030476                   /usr/lib/jvm/jdk1.8.0_202/jre/lib/rt.jar
7f377b78a000-7f377c000000 rw-p 00000000 00:00 0 
7f377c000000-7f377c021000 rw-p 00000000 00:00 0 
7f377c021000-7f3780000000 ---p 00000000 00:00 0 
7f3780000000-7f3780001000 r--p 00000000 103:01 11144565                  /usr/share/locale-langpack/en_GB/LC_MESSAGES/libc.mo
7f3780001000-7f3780003000 r--s 00012000 103:01 8258136                   /home/jane/.sbt/boot/scala-2.10.7/org.scala-sbt/sbt/0.13.18/jawn-parser_2.10-0.6.0.jar
7f3780003000-7f3780004000 r--s 00002000 103:01 8258091                   /home/jane/.sbt/boot/scala-2.10.7/org.scala-sbt/sbt/0.13.18/launcher-interface-1.0.1.jar
7f3780004000-7f3780027000 r--s 001bc000 103:01 8258115                   /home/jane/.sbt/boot/scala-2.10.7/org.scala-sbt/sbt/0.13.18/ivy-0.13.18.jar
7f3780027000-7f378005c000 r--s 002df000 103:01 8258154                   /home/jane/.sbt/boot/scala-2.10.7/lib/scala-reflect.jar
7f378005c000-7f37807f8000 rw-p 00000000 00:00 0 
7f37807f8000-7f37807f9000 ---p 00000000 00:00 0 
7f37807f9000-7f37808f9000 rw-p 00000000 00:00 0 
7f37808f9000-7f37808fa000 ---p 00000000 00:00 0 
7f37808fa000-7f37809fa000 rw-p 00000000 00:00 0 
7f37809fa000-7f37809fb000 ---p 00000000 00:00 0 
7f37809fb000-7f3780afb000 rw-p 00000000 00:00 0 
7f3780afb000-7f3780afc000 ---p 00000000 00:00 0 
7f3780afc000-7f3780bfc000 rw-p 00000000 00:00 0 
7f3780bfc000-7f3780bfd000 ---p 00000000 00:00 0 
7f3780bfd000-7f3780cfd000 rw-p 00000000 00:00 0 
7f3780cfd000-7f3780cfe000 ---p 00000000 00:00 0 
7f3780cfe000-7f3780dfe000 rw-p 00000000 00:00 0 
7f3780dfe000-7f3780dff000 ---p 00000000 00:00 0 
7f3780dff000-7f3780eff000 rw-p 00000000 00:00 0 
7f3780eff000-7f3780f00000 ---p 00000000 00:00 0 
7f3780f00000-7f3781000000 rw-p 00000000 00:00 0 
7f3781000000-7f37840f0000 rwxp 00000000 00:00 0 
7f37840f0000-7f3790000000 ---p 00000000 00:00 0 
7f3790000000-7f3792efb000 rw-p 00000000 00:00 0 
7f3792efb000-7f3794000000 ---p 00000000 00:00 0 
7f3794000000-7f3794002000 r--s 0000b000 103:01 8258126                   /home/jane/.sbt/boot/scala-2.10.7/org.scala-sbt/sbt/0.13.18/tracking-0.13.18.jar
7f3794002000-7f3794005000 r--s 0001e000 103:01 8258121                   /home/jane/.sbt/boot/scala-2.10.7/org.scala-sbt/sbt/0.13.18/run-0.13.18.jar
7f3794005000-7f3794007000 r--s 00004000 103:01 8258130                   /home/jane/.sbt/boot/scala-2.10.7/org.scala-sbt/sbt/0.13.18/compiler-ivy-integration-0.13.18.jar
7f3794007000-7f3794008000 r--s 0000c000 103:01 8258105                   /home/jane/.sbt/boot/scala-2.10.7/org.scala-sbt/sbt/0.13.18/sbt-0.13.18.jar
7f3794008000-7f3794009000 r--s 00001000 103:01 8258090                   /home/jane/.sbt/boot/scala-2.10.7/org.scala-sbt/sbt/0.13.18/json4s-support_2.10-0.6.0.jar
7f3794009000-7f379400b000 r--s 00015000 103:01 8258128                   /home/jane/.sbt/boot/scala-2.10.7/org.scala-sbt/sbt/0.13.18/classfile-0.13.18.jar
7f379400b000-7f379400e000 r--s 00017000 103:01 8258113                   /home/jane/.sbt/boot/scala-2.10.7/org.scala-sbt/sbt/0.13.18/testing-0.13.18.jar
7f379400e000-7f3794010000 r--s 00002000 103:01 8258133                   /home/jane/.sbt/boot/scala-2.10.7/org.scala-sbt/sbt/0.13.18/test-interface-1.0.jar
7f3794010000-7f3794013000 r--s 00018000 103:01 8258122                   /home/jane/.sbt/boot/scala-2.10.7/org.scala-sbt/sbt/0.13.18/logging-0.13.18.jar
7f3794013000-7f379401b000 r--s 00060000 103:01 8258094                   /home/jane/.sbt/boot/scala-2.10.7/org.scala-sbt/sbt/0.13.18/collections-0.13.18.jar
7f379401b000-7f3794107000 rw-p 00000000 00:00 0 
7f3794107000-7f379457d000 ---p 00000000 00:00 0 
7f379457d000-7f379461a000 rw-p 00000000 00:00 0 
7f379461a000-7f3794a8f000 ---p 00000000 00:00 0 
7f3794a8f000-7f3794cbe000 rw-p 00000000 00:00 0 
7f3794cbe000-7f3794d19000 ---p 00000000 00:00 0 
7f3794d19000-7f3794dde000 rw-p 00000000 00:00 0 
7f3794dde000-7f37950da000 ---p 00000000 00:00 0 
7f37950da000-7f37950f5000 r-xp 00000000 103:01 6030691                   /usr/lib/jvm/jdk1.8.0_202/jre/lib/amd64/libzip.so
7f37950f5000-7f37952f4000 ---p 0001b000 103:01 6030691                   /usr/lib/jvm/jdk1.8.0_202/jre/lib/amd64/libzip.so
7f37952f4000-7f37952f5000 r--p 0001a000 103:01 6030691                   /usr/lib/jvm/jdk1.8.0_202/jre/lib/amd64/libzip.so
7f37952f5000-7f37952f6000 rw-p 0001b000 103:01 6030691                   /usr/lib/jvm/jdk1.8.0_202/jre/lib/amd64/libzip.so
7f37952f6000-7f3795301000 r-xp 00000000 103:01 3019484                   /lib/x86_64-linux-gnu/libnss_files-2.27.so
7f3795301000-7f3795500000 ---p 0000b000 103:01 3019484                   /lib/x86_64-linux-gnu/libnss_files-2.27.so
7f3795500000-7f3795501000 r--p 0000a000 103:01 3019484                   /lib/x86_64-linux-gnu/libnss_files-2.27.so
7f3795501000-7f3795502000 rw-p 0000b000 103:01 3019484                   /lib/x86_64-linux-gnu/libnss_files-2.27.so
7f3795502000-7f3795508000 rw-p 00000000 00:00 0 
7f3795508000-7f379551f000 r-xp 00000000 103:01 3019478                   /lib/x86_64-linux-gnu/libnsl-2.27.so
7f379551f000-7f379571e000 ---p 00017000 103:01 3019478                   /lib/x86_64-linux-gnu/libnsl-2.27.so
7f379571e000-7f379571f000 r--p 00016000 103:01 3019478                   /lib/x86_64-linux-gnu/libnsl-2.27.so
7f379571f000-7f3795720000 rw-p 00017000 103:01 3019478                   /lib/x86_64-linux-gnu/libnsl-2.27.so
7f3795720000-7f3795722000 rw-p 00000000 00:00 0 
7f3795722000-7f379572d000 r-xp 00000000 103:01 3019495                   /lib/x86_64-linux-gnu/libnss_nis-2.27.so
7f379572d000-7f379592c000 ---p 0000b000 103:01 3019495                   /lib/x86_64-linux-gnu/libnss_nis-2.27.so
7f379592c000-7f379592d000 r--p 0000a000 103:01 3019495                   /lib/x86_64-linux-gnu/libnss_nis-2.27.so
7f379592d000-7f379592e000 rw-p 0000b000 103:01 3019495                   /lib/x86_64-linux-gnu/libnss_nis-2.27.so
7f379592e000-7f3795936000 r-xp 00000000 103:01 3019480                   /lib/x86_64-linux-gnu/libnss_compat-2.27.so
7f3795936000-7f3795b36000 ---p 00008000 103:01 3019480                   /lib/x86_64-linux-gnu/libnss_compat-2.27.so
7f3795b36000-7f3795b37000 r--p 00008000 103:01 3019480                   /lib/x86_64-linux-gnu/libnss_compat-2.27.so
7f3795b37000-7f3795b38000 rw-p 00009000 103:01 3019480                   /lib/x86_64-linux-gnu/libnss_compat-2.27.so
7f3795b38000-7f3795b64000 r-xp 00000000 103:01 6030685                   /usr/lib/jvm/jdk1.8.0_202/jre/lib/amd64/libjava.so
7f3795b64000-7f3795d63000 ---p 0002c000 103:01 6030685                   /usr/lib/jvm/jdk1.8.0_202/jre/lib/amd64/libjava.so
7f3795d63000-7f3795d64000 r--p 0002b000 103:01 6030685                   /usr/lib/jvm/jdk1.8.0_202/jre/lib/amd64/libjava.so
7f3795d64000-7f3795d66000 rw-p 0002c000 103:01 6030685                   /usr/lib/jvm/jdk1.8.0_202/jre/lib/amd64/libjava.so
7f3795d66000-7f3795d73000 r-xp 00000000 103:01 6030690                   /usr/lib/jvm/jdk1.8.0_202/jre/lib/amd64/libverify.so
7f3795d73000-7f3795f72000 ---p 0000d000 103:01 6030690                   /usr/lib/jvm/jdk1.8.0_202/jre/lib/amd64/libverify.so
7f3795f72000-7f3795f74000 r--p 0000c000 103:01 6030690                   /usr/lib/jvm/jdk1.8.0_202/jre/lib/amd64/libverify.so
7f3795f74000-7f3795f75000 rw-p 0000e000 103:01 6030690                   /usr/lib/jvm/jdk1.8.0_202/jre/lib/amd64/libverify.so
7f3795f75000-7f3795f7c000 r-xp 00000000 103:01 3019535                   /lib/x86_64-linux-gnu/librt-2.27.so
7f3795f7c000-7f379617b000 ---p 00007000 103:01 3019535                   /lib/x86_64-linux-gnu/librt-2.27.so
7f379617b000-7f379617c000 r--p 00006000 103:01 3019535                   /lib/x86_64-linux-gnu/librt-2.27.so
7f379617c000-7f379617d000 rw-p 00007000 103:01 3019535                   /lib/x86_64-linux-gnu/librt-2.27.so
7f379617d000-7f379631a000 r-xp 00000000 103:01 3019457                   /lib/x86_64-linux-gnu/libm-2.27.so
7f379631a000-7f3796519000 ---p 0019d000 103:01 3019457                   /lib/x86_64-linux-gnu/libm-2.27.so
7f3796519000-7f379651a000 r--p 0019c000 103:01 3019457                   /lib/x86_64-linux-gnu/libm-2.27.so
7f379651a000-7f379651b000 rw-p 0019d000 103:01 3019457                   /lib/x86_64-linux-gnu/libm-2.27.so
7f379651b000-7f3797203000 r-xp 00000000 103:01 6030666                   /usr/lib/jvm/jdk1.8.0_202/jre/lib/amd64/server/libjvm.so
7f3797203000-7f3797402000 ---p 00ce8000 103:01 6030666                   /usr/lib/jvm/jdk1.8.0_202/jre/lib/amd64/server/libjvm.so
7f3797402000-7f3797498000 r--p 00ce7000 103:01 6030666                   /usr/lib/jvm/jdk1.8.0_202/jre/lib/amd64/server/libjvm.so
7f3797498000-7f37974c9000 rw-p 00d7d000 103:01 6030666                   /usr/lib/jvm/jdk1.8.0_202/jre/lib/amd64/server/libjvm.so
7f37974c9000-7f3797504000 rw-p 00000000 00:00 0 
7f3797504000-7f37976eb000 r-xp 00000000 103:01 3019394                   /lib/x86_64-linux-gnu/libc-2.27.so
7f37976eb000-7f37978eb000 ---p 001e7000 103:01 3019394                   /lib/x86_64-linux-gnu/libc-2.27.so
7f37978eb000-7f37978ef000 r--p 001e7000 103:01 3019394                   /lib/x86_64-linux-gnu/libc-2.27.so
7f37978ef000-7f37978f1000 rw-p 001eb000 103:01 3019394                   /lib/x86_64-linux-gnu/libc-2.27.so
7f37978f1000-7f37978f5000 rw-p 00000000 00:00 0 
7f37978f5000-7f37978f8000 r-xp 00000000 103:01 3019417                   /lib/x86_64-linux-gnu/libdl-2.27.so
7f37978f8000-7f3797af7000 ---p 00003000 103:01 3019417                   /lib/x86_64-linux-gnu/libdl-2.27.so
7f3797af7000-7f3797af8000 r--p 00002000 103:01 3019417                   /lib/x86_64-linux-gnu/libdl-2.27.so
7f3797af8000-7f3797af9000 rw-p 00003000 103:01 3019417                   /lib/x86_64-linux-gnu/libdl-2.27.so
7f3797af9000-7f3797b10000 r-xp 00000000 103:01 6030343                   /usr/lib/jvm/jdk1.8.0_202/lib/amd64/jli/libjli.so
7f3797b10000-7f3797d0f000 ---p 00017000 103:01 6030343                   /usr/lib/jvm/jdk1.8.0_202/lib/amd64/jli/libjli.so
7f3797d0f000-7f3797d10000 r--p 00016000 103:01 6030343                   /usr/lib/jvm/jdk1.8.0_202/lib/amd64/jli/libjli.so
7f3797d10000-7f3797d11000 rw-p 00017000 103:01 6030343                   /usr/lib/jvm/jdk1.8.0_202/lib/amd64/jli/libjli.so
7f3797d11000-7f3797d2b000 r-xp 00000000 103:01 3019527                   /lib/x86_64-linux-gnu/libpthread-2.27.so
7f3797d2b000-7f3797f2a000 ---p 0001a000 103:01 3019527                   /lib/x86_64-linux-gnu/libpthread-2.27.so
7f3797f2a000-7f3797f2b000 r--p 00019000 103:01 3019527                   /lib/x86_64-linux-gnu/libpthread-2.27.so
7f3797f2b000-7f3797f2c000 rw-p 0001a000 103:01 3019527                   /lib/x86_64-linux-gnu/libpthread-2.27.so
7f3797f2c000-7f3797f30000 rw-p 00000000 00:00 0 
7f3797f30000-7f3797f57000 r-xp 00000000 103:01 3019366                   /lib/x86_64-linux-gnu/ld-2.27.so
7f3797f57000-7f3797f59000 r--s 00007000 103:01 8258132                   /home/jane/.sbt/boot/scala-2.10.7/org.scala-sbt/sbt/0.13.18/paranamer-2.6.jar
7f3797f59000-7f3797f5d000 r--s 0001c000 103:01 8258117                   /home/jane/.sbt/boot/scala-2.10.7/org.scala-sbt/sbt/0.13.18/compiler-integration-0.13.18.jar
7f3797f5d000-7f3797f5e000 r--s 00002000 103:01 8258124                   /home/jane/.sbt/boot/scala-2.10.7/org.scala-sbt/sbt/0.13.18/cross-0.13.18.jar
7f3797f5e000-7f3797f61000 r--s 0001e000 103:01 8258116                   /home/jane/.sbt/boot/scala-2.10.7/org.scala-sbt/sbt/0.13.18/task-system-0.13.18.jar
7f3797f61000-7f3797f6a000 r--s 0006f000 103:01 8258127                   /home/jane/.sbt/boot/scala-2.10.7/org.scala-sbt/sbt/0.13.18/actions-0.13.18.jar
7f3797f6a000-7f3797f74000 r--s 00085000 103:01 8258139                   /home/jane/.sbt/boot/scala-2.10.7/org.scala-sbt/sbt/0.13.18/json4s-core_2.10-3.2.10.jar
7f3797f74000-7f3797f91000 r--s 0011a000 103:01 7997236                   /home/jane/.IdeaIC2019.3/config/plugins/Scala/launcher/sbt-launch.jar
7f3797f91000-7f3798039000 rw-p 00000000 00:00 0 
7f3798039000-7f379803a000 ---p 00000000 00:00 0 
7f379803a000-7f379803d000 ---p 00000000 00:00 0 
7f379803d000-7f379813e000 rw-p 00000000 00:00 0 
7f379813e000-7f3798140000 r--s 00014000 103:01 8258131                   /home/jane/.sbt/boot/scala-2.10.7/org.scala-sbt/sbt/0.13.18/classpath-0.13.18.jar
7f3798140000-7f3798141000 r--s 00000000 103:01 8258112                   /home/jane/.sbt/boot/scala-2.10.7/org.scala-sbt/sbt/0.13.18/template-resolver-0.1.jar
7f3798141000-7f3798145000 r--s 0003b000 103:01 8258108                   /home/jane/.sbt/boot/scala-2.10.7/org.scala-sbt/sbt/0.13.18/jsch-0.1.50.jar
7f3798145000-7f3798146000 r--s 00005000 103:01 8258097                   /home/jane/.sbt/boot/scala-2.10.7/org.scala-sbt/sbt/0.13.18/test-agent-0.13.18.jar
7f3798146000-7f3798149000 r--s 00018000 103:01 8258156                   /home/jane/.sbt/boot/scala-2.10.7/lib/jansi.jar
7f3798149000-7f379814d000 r--s 00025000 103:01 8258158                   /home/jane/.sbt/boot/scala-2.10.7/lib/jline.jar
7f379814d000-7f3798155000 rw-s 00000000 103:01 27264043                  /tmp/hsperfdata_jane/9984
7f3798155000-7f3798156000 rw-p 00000000 00:00 0 
7f3798156000-7f3798157000 ---p 00000000 00:00 0 
7f3798157000-7f3798158000 r--p 00027000 103:01 3019366                   /lib/x86_64-linux-gnu/ld-2.27.so
7f3798158000-7f3798159000 rw-p 00028000 103:01 3019366                   /lib/x86_64-linux-gnu/ld-2.27.so
7f3798159000-7f379815a000 rw-p 00000000 00:00 0 
7ffdb066c000-7ffdb068d000 rw-p 00000000 00:00 0                          [stack]
7ffdb075c000-7ffdb075f000 r--p 00000000 00:00 0                          [vvar]
7ffdb075f000-7ffdb0761000 r-xp 00000000 00:00 0                          [vdso]
ffffffffff600000-ffffffffff601000 r-xp 00000000 00:00 0                  [vsyscall]

VM Arguments:
jvm_args: -Djline.terminal=jline.UnsupportedTerminal -Dsbt.log.noformat=true -Dfile.encoding=UTF-8 -Didea.managed=true -Dfile.encoding=UTF-8 
java_command: /home/jane/.IdeaIC2019.3/config/plugins/Scala/launcher/sbt-launch.jar
java_class_path (initial): /home/jane/.IdeaIC2019.3/config/plugins/Scala/launcher/sbt-launch.jar
Launcher Type: SUN_STANDARD

Environment Variables:
JAVA_HOME=/usr/lib/jvm/jdk1.8.0_202
PATH=/home/jane/.local/bin:/home/jane/bin:/usr/local/sbin:/usr/local/bin:/usr/sbin:/usr/bin:/sbin:/bin:/usr/games:/usr/local/games:/snap/bin
USERNAME=jane
SHELL=/bin/bash
DISPLAY=:0

Signal Handlers:
SIGSEGV: [libjvm.so+0xad3ce0], sa_mask[0]=11111111011111111101111111111110, sa_flags=SA_RESTART|SA_SIGINFO
SIGBUS: [libjvm.so+0xad3ce0], sa_mask[0]=11111111011111111101111111111110, sa_flags=SA_RESTART|SA_SIGINFO
SIGFPE: [libjvm.so+0x90b820], sa_mask[0]=11111111011111111101111111111110, sa_flags=SA_RESTART|SA_SIGINFO
SIGPIPE: [libjvm.so+0x90b820], sa_mask[0]=11111111011111111101111111111110, sa_flags=SA_RESTART|SA_SIGINFO
SIGXFSZ: [libjvm.so+0x90b820], sa_mask[0]=11111111011111111101111111111110, sa_flags=SA_RESTART|SA_SIGINFO
SIGILL: [libjvm.so+0x90b820], sa_mask[0]=11111111011111111101111111111110, sa_flags=SA_RESTART|SA_SIGINFO
SIGUSR1: SIG_DFL, sa_mask[0]=00000000000000000000000000000000, sa_flags=none
SIGUSR2: [libjvm.so+0x90b6f0], sa_mask[0]=00100000000000000000000000000000, sa_flags=SA_RESTART|SA_SIGINFO
SIGHUP: [libjvm.so+0x90bd10], sa_mask[0]=11111111011111111101111111111110, sa_flags=SA_RESTART|SA_SIGINFO
SIGINT: [libjvm.so+0x90bd10], sa_mask[0]=11111111011111111101111111111110, sa_flags=SA_RESTART|SA_SIGINFO
SIGTERM: [libjvm.so+0x90bd10], sa_mask[0]=11111111011111111101111111111110, sa_flags=SA_RESTART|SA_SIGINFO
SIGQUIT: [libjvm.so+0x90bd10], sa_mask[0]=11111111011111111101111111111110, sa_flags=SA_RESTART|SA_SIGINFO


---------------  S Y S T E M  ---------------

OS:DISTRIB_ID=Ubuntu
DISTRIB_RELEASE=18.04
DISTRIB_CODENAME=bionic
DISTRIB_DESCRIPTION="Ubuntu 18.04.2 LTS"

uname:Linux 4.15.0-72-generic #81-Ubuntu SMP Tue Nov 26 12:20:02 UTC 2019 x86_64
libc:glibc 2.27 NPTL 2.27 
rlimit: STACK 8192k, CORE 0k, NPROC 62153, NOFILE 1048576, AS infinity
load average:11.12 3.08 1.31

/proc/meminfo:
MemTotal:       15956180 kB
MemFree:          160296 kB
MemAvailable:      31620 kB
Buffers:            1016 kB
Cached:           287344 kB
SwapCached:        25120 kB
Active:         13854544 kB
Inactive:        1271408 kB
Active(anon):   13852116 kB
Inactive(anon):  1260588 kB
Active(file):       2428 kB
Inactive(file):    10820 kB
Unevictable:          80 kB
Mlocked:              80 kB
SwapTotal:       2097148 kB
SwapFree:              0 kB
Dirty:               184 kB
Writeback:             0 kB
AnonPages:      14813052 kB
Mapped:           361656 kB
Shmem:            275000 kB
Slab:             194660 kB
SReclaimable:      75652 kB
SUnreclaim:       119008 kB
KernelStack:       39680 kB
PageTables:       134828 kB
NFS_Unstable:          0 kB
Bounce:                0 kB
WritebackTmp:          0 kB
CommitLimit:    10075236 kB
Committed_AS:   35716260 kB
VmallocTotal:   34359738367 kB
VmallocUsed:           0 kB
VmallocChunk:          0 kB
HardwareCorrupted:     0 kB
AnonHugePages:         0 kB
ShmemHugePages:        0 kB
ShmemPmdMapped:        0 kB
CmaTotal:              0 kB
CmaFree:               0 kB
HugePages_Total:       0
HugePages_Free:        0
HugePages_Rsvd:        0
HugePages_Surp:        0
Hugepagesize:       2048 kB
DirectMap4k:     1673016 kB
DirectMap2M:    14628864 kB
DirectMap1G:           0 kB

container (cgroup) information:
container_type: cgroupv1
cpu_cpuset_cpus: 0-7
cpu_memory_nodes: 0
active_processor_count: 8
cpu_quota: -1
cpu_period: 100000
cpu_shares: -1
memory_limit_in_bytes: -1
memory_and_swap_limit_in_bytes: -2
memory_soft_limit_in_bytes: -1
memory_usage_in_bytes: 15489634304
memory_max_usage_in_bytes: 8499200


CPU:total 8 (initial active 8) (4 cores per cpu, 2 threads per core) family 6 model 158 stepping 9, cmov, cx8, fxsr, mmx, sse, sse2, sse3, ssse3, sse4.1, sse4.2, popcnt, avx, avx2, aes, clmul, erms, 3dnowpref, lzcnt, ht, tsc, tscinvbit, bmi1, bmi2, adx

/proc/cpuinfo:
processor	: 0
vendor_id	: GenuineIntel
cpu family	: 6
model		: 158
model name	: Intel(R) Core(TM) i7-7700HQ CPU @ 2.80GHz
stepping	: 9
microcode	: 0xca
cpu MHz		: 3400.001
cache size	: 6144 KB
physical id	: 0
siblings	: 8
core id		: 0
cpu cores	: 4
apicid		: 0
initial apicid	: 0
fpu		: yes
fpu_exception	: yes
cpuid level	: 22
wp		: yes
flags		: fpu vme de pse tsc msr pae mce cx8 apic sep mtrr pge mca cmov pat pse36 clflush dts acpi mmx fxsr sse sse2 ss ht tm pbe syscall nx pdpe1gb rdtscp lm constant_tsc art arch_perfmon pebs bts rep_good nopl xtopology nonstop_tsc cpuid aperfmperf tsc_known_freq pni pclmulqdq dtes64 monitor ds_cpl vmx est tm2 ssse3 sdbg fma cx16 xtpr pdcm pcid sse4_1 sse4_2 x2apic movbe popcnt tsc_deadline_timer aes xsave avx f16c rdrand lahf_lm abm 3dnowprefetch cpuid_fault epb invpcid_single pti ssbd ibrs ibpb stibp tpr_shadow vnmi flexpriority ept vpid fsgsbase tsc_adjust bmi1 avx2 smep bmi2 erms invpcid mpx rdseed adx smap clflushopt intel_pt xsaveopt xsavec xgetbv1 xsaves dtherm ida arat pln pts hwp hwp_notify hwp_act_window hwp_epp md_clear flush_l1d
bugs		: cpu_meltdown spectre_v1 spectre_v2 spec_store_bypass l1tf mds swapgs itlb_multihit
bogomips	: 5616.00
clflush size	: 64
cache_alignment	: 64
address sizes	: 39 bits physical, 48 bits virtual
power management:

processor	: 1
vendor_id	: GenuineIntel
cpu family	: 6
model		: 158
model name	: Intel(R) Core(TM) i7-7700HQ CPU @ 2.80GHz
stepping	: 9
microcode	: 0xca
cpu MHz		: 3400.002
cache size	: 6144 KB
physical id	: 0
siblings	: 8
core id		: 1
cpu cores	: 4
apicid		: 2
initial apicid	: 2
fpu		: yes
fpu_exception	: yes
cpuid level	: 22
wp		: yes
flags		: fpu vme de pse tsc msr pae mce cx8 apic sep mtrr pge mca cmov pat pse36 clflush dts acpi mmx fxsr sse sse2 ss ht tm pbe syscall nx pdpe1gb rdtscp lm constant_tsc art arch_perfmon pebs bts rep_good nopl xtopology nonstop_tsc cpuid aperfmperf tsc_known_freq pni pclmulqdq dtes64 monitor ds_cpl vmx est tm2 ssse3 sdbg fma cx16 xtpr pdcm pcid sse4_1 sse4_2 x2apic movbe popcnt tsc_deadline_timer aes xsave avx f16c rdrand lahf_lm abm 3dnowprefetch cpuid_fault epb invpcid_single pti ibrs ibpb stibp tpr_shadow vnmi flexpriority ept vpid fsgsbase tsc_adjust bmi1 avx2 smep bmi2 erms invpcid mpx rdseed adx smap clflushopt intel_pt xsaveopt xsavec xgetbv1 xsaves dtherm ida arat pln pts hwp hwp_notify hwp_act_window hwp_epp
bugs		: cpu_meltdown spectre_v1 spectre_v2 spec_store_bypass l1tf mds swapgs itlb_multihit
bogomips	: 5616.00
clflush size	: 64
cache_alignment	: 64
address sizes	: 39 bits physical, 48 bits virtual
power management:

processor	: 2
vendor_id	: GenuineIntel
cpu family	: 6
model		: 158
model name	: Intel(R) Core(TM) i7-7700HQ CPU @ 2.80GHz
stepping	: 9
microcode	: 0xca
cpu MHz		: 3399.986
cache size	: 6144 KB
physical id	: 0
siblings	: 8
core id		: 2
cpu cores	: 4
apicid		: 4
initial apicid	: 4
fpu		: yes
fpu_exception	: yes
cpuid level	: 22
wp		: yes
flags		: fpu vme de pse tsc msr pae mce cx8 apic sep mtrr pge mca cmov pat pse36 clflush dts acpi mmx fxsr sse sse2 ss ht tm pbe syscall nx pdpe1gb rdtscp lm constant_tsc art arch_perfmon pebs bts rep_good nopl xtopology nonstop_tsc cpuid aperfmperf tsc_known_freq pni pclmulqdq dtes64 monitor ds_cpl vmx est tm2 ssse3 sdbg fma cx16 xtpr pdcm pcid sse4_1 sse4_2 x2apic movbe popcnt tsc_deadline_timer aes xsave avx f16c rdrand lahf_lm abm 3dnowprefetch cpuid_fault epb invpcid_single pti ibrs ibpb stibp tpr_shadow vnmi flexpriority ept vpid fsgsbase tsc_adjust bmi1 avx2 smep bmi2 erms invpcid mpx rdseed adx smap clflushopt intel_pt xsaveopt xsavec xgetbv1 xsaves dtherm ida arat pln pts hwp hwp_notify hwp_act_window hwp_epp
bugs		: cpu_meltdown spectre_v1 spectre_v2 spec_store_bypass l1tf mds swapgs itlb_multihit
bogomips	: 5616.00
clflush size	: 64
cache_alignment	: 64
address sizes	: 39 bits physical, 48 bits virtual
power management:

processor	: 3
vendor_id	: GenuineIntel
cpu family	: 6
model		: 158
model name	: Intel(R) Core(TM) i7-7700HQ CPU @ 2.80GHz
stepping	: 9
microcode	: 0xca
cpu MHz		: 3400.001
cache size	: 6144 KB
physical id	: 0
siblings	: 8
core id		: 3
cpu cores	: 4
apicid		: 6
initial apicid	: 6
fpu		: yes
fpu_exception	: yes
cpuid level	: 22
wp		: yes
flags		: fpu vme de pse tsc msr pae mce cx8 apic sep mtrr pge mca cmov pat pse36 clflush dts acpi mmx fxsr sse sse2 ss ht tm pbe syscall nx pdpe1gb rdtscp lm constant_tsc art arch_perfmon pebs bts rep_good nopl xtopology nonstop_tsc cpuid aperfmperf tsc_known_freq pni pclmulqdq dtes64 monitor ds_cpl vmx est tm2 ssse3 sdbg fma cx16 xtpr pdcm pcid sse4_1 sse4_2 x2apic movbe popcnt tsc_deadline_timer aes xsave avx f16c rdrand lahf_lm abm 3dnowprefetch cpuid_fault epb invpcid_single pti ibrs ibpb stibp tpr_shadow vnmi flexpriority ept vpid fsgsbase tsc_adjust bmi1 avx2 smep bmi2 erms invpcid mpx rdseed adx smap clflushopt intel_pt xsaveopt xsavec xgetbv1 xsaves dtherm ida arat pln pts hwp hwp_notify hwp_act_window hwp_epp
bugs		: cpu_meltdown spectre_v1 spectre_v2 spec_store_bypass l1tf mds swapgs itlb_multihit
bogomips	: 5616.00
clflush size	: 64
cache_alignment	: 64
address sizes	: 39 bits physical, 48 bits virtual
power management:

processor	: 4
vendor_id	: GenuineIntel
cpu family	: 6
model		: 158
model name	: Intel(R) Core(TM) i7-7700HQ CPU @ 2.80GHz
stepping	: 9
microcode	: 0xca
cpu MHz		: 3399.998
cache size	: 6144 KB
physical id	: 0
siblings	: 8
core id		: 0
cpu cores	: 4
apicid		: 1
initial apicid	: 1
fpu		: yes
fpu_exception	: yes
cpuid level	: 22
wp		: yes
flags		: fpu vme de pse tsc msr pae mce cx8 apic sep mtrr pge mca cmov pat pse36 clflush dts acpi mmx fxsr sse sse2 ss ht tm pbe syscall nx pdpe1gb rdtscp lm constant_tsc art arch_perfmon pebs bts rep_good nopl xtopology nonstop_tsc cpuid aperfmperf tsc_known_freq pni pclmulqdq dtes64 monitor ds_cpl vmx est tm2 ssse3 sdbg fma cx16 xtpr pdcm pcid sse4_1 sse4_2 x2apic movbe popcnt tsc_deadline_timer aes xsave avx f16c rdrand lahf_lm abm 3dnowprefetch cpuid_fault epb invpcid_single pti ssbd ibrs ibpb stibp tpr_shadow vnmi flexpriority ept vpid fsgsbase tsc_adjust bmi1 avx2 smep bmi2 erms invpcid mpx rdseed adx smap clflushopt intel_pt xsaveopt xsavec xgetbv1 xsaves dtherm ida arat pln pts hwp hwp_notify hwp_act_window hwp_epp md_clear flush_l1d
bugs		: cpu_meltdown spectre_v1 spectre_v2 spec_store_bypass l1tf mds swapgs itlb_multihit
bogomips	: 5616.00
clflush size	: 64
cache_alignment	: 64
address sizes	: 39 bits physical, 48 bits virtual
power management:

processor	: 5
vendor_id	: GenuineIntel
cpu family	: 6
model		: 158
model name	: Intel(R) Core(TM) i7-7700HQ CPU @ 2.80GHz
stepping	: 9
microcode	: 0xca
cpu MHz		: 3400.000
cache size	: 6144 KB
physical id	: 0
siblings	: 8
core id		: 1
cpu cores	: 4
apicid		: 3
initial apicid	: 3
fpu		: yes
fpu_exception	: yes
cpuid level	: 22
wp		: yes
flags		: fpu vme de pse tsc msr pae mce cx8 apic sep mtrr pge mca cmov pat pse36 clflush dts acpi mmx fxsr sse sse2 ss ht tm pbe syscall nx pdpe1gb rdtscp lm constant_tsc art arch_perfmon pebs bts rep_good nopl xtopology nonstop_tsc cpuid aperfmperf tsc_known_freq pni pclmulqdq dtes64 monitor ds_cpl vmx est tm2 ssse3 sdbg fma cx16 xtpr pdcm pcid sse4_1 sse4_2 x2apic movbe popcnt tsc_deadline_timer aes xsave avx f16c rdrand lahf_lm abm 3dnowprefetch cpuid_fault epb invpcid_single pti ssbd ibrs ibpb stibp tpr_shadow vnmi flexpriority ept vpid fsgsbase tsc_adjust bmi1 avx2 smep bmi2 erms invpcid mpx rdseed adx smap clflushopt intel_pt xsaveopt xsavec xgetbv1 xsaves dtherm ida arat pln pts hwp hwp_notify hwp_act_window hwp_epp md_clear flush_l1d
bugs		: cpu_meltdown spectre_v1 spectre_v2 spec_store_bypass l1tf mds swapgs itlb_multihit
bogomips	: 5616.00
clflush size	: 64
cache_alignment	: 64
address sizes	: 39 bits physical, 48 bits virtual
power management:

processor	: 6
vendor_id	: GenuineIntel
cpu family	: 6
model		: 158
model name	: Intel(R) Core(TM) i7-7700HQ CPU @ 2.80GHz
stepping	: 9
microcode	: 0xca
cpu MHz		: 3400.000
cache size	: 6144 KB
physical id	: 0
siblings	: 8
core id		: 2
cpu cores	: 4
apicid		: 5
initial apicid	: 5
fpu		: yes
fpu_exception	: yes
cpuid level	: 22
wp		: yes
flags		: fpu vme de pse tsc msr pae mce cx8 apic sep mtrr pge mca cmov pat pse36 clflush dts acpi mmx fxsr sse sse2 ss ht tm pbe syscall nx pdpe1gb rdtscp lm constant_tsc art arch_perfmon pebs bts rep_good nopl xtopology nonstop_tsc cpuid aperfmperf tsc_known_freq pni pclmulqdq dtes64 monitor ds_cpl vmx est tm2 ssse3 sdbg fma cx16 xtpr pdcm pcid sse4_1 sse4_2 x2apic movbe popcnt tsc_deadline_timer aes xsave avx f16c rdrand lahf_lm abm 3dnowprefetch cpuid_fault epb invpcid_single pti ssbd ibrs ibpb stibp tpr_shadow vnmi flexpriority ept vpid fsgsbase tsc_adjust bmi1 avx2 smep bmi2 erms invpcid mpx rdseed adx smap clflushopt intel_pt xsaveopt xsavec xgetbv1 xsaves dtherm ida arat pln pts hwp hwp_notify hwp_act_window hwp_epp md_clear flush_l1d
bugs		: cpu_meltdown spectre_v1 spectre_v2 spec_store_bypass l1tf mds swapgs itlb_multihit
bogomips	: 5616.00
clflush size	: 64
cache_alignment	: 64
address sizes	: 39 bits physical, 48 bits virtual
power management:

processor	: 7
vendor_id	: GenuineIntel
cpu family	: 6
model		: 158
model name	: Intel(R) Core(TM) i7-7700HQ CPU @ 2.80GHz
stepping	: 9
microcode	: 0xca
cpu MHz		: 3400.016
cache size	: 6144 KB
physical id	: 0
siblings	: 8
core id		: 3
cpu cores	: 4
apicid		: 7
initial apicid	: 7
fpu		: yes
fpu_exception	: yes
cpuid level	: 22
wp		: yes
flags		: fpu vme de pse tsc msr pae mce cx8 apic sep mtrr pge mca cmov pat pse36 clflush dts acpi mmx fxsr sse sse2 ss ht tm pbe syscall nx pdpe1gb rdtscp lm constant_tsc art arch_perfmon pebs bts rep_good nopl xtopology nonstop_tsc cpuid aperfmperf tsc_known_freq pni pclmulqdq dtes64 monitor ds_cpl vmx est tm2 ssse3 sdbg fma cx16 xtpr pdcm pcid sse4_1 sse4_2 x2apic movbe popcnt tsc_deadline_timer aes xsave avx f16c rdrand lahf_lm abm 3dnowprefetch cpuid_fault epb invpcid_single pti ssbd ibrs ibpb stibp tpr_shadow vnmi flexpriority ept vpid fsgsbase tsc_adjust bmi1 avx2 smep bmi2 erms invpcid mpx rdseed adx smap clflushopt intel_pt xsaveopt xsavec xgetbv1 xsaves dtherm ida arat pln pts hwp hwp_notify hwp_act_window hwp_epp md_clear flush_l1d
bugs		: cpu_meltdown spectre_v1 spectre_v2 spec_store_bypass l1tf mds swapgs itlb_multihit
bogomips	: 5616.00
clflush size	: 64
cache_alignment	: 64
address sizes	: 39 bits physical, 48 bits virtual
power management:



Memory: 4k page, physical 15956180k(148900k free), swap 2097148k(0k free)

vm_info: Java HotSpot(TM) 64-Bit Server VM (25.202-b08) for linux-amd64 JRE (1.8.0_202-b08), built on Dec 15 2018 12:40:22 by "java_re" with gcc 7.3.0

time: Thu Jan 23 13:12:39 2020
timezone: GMT
elapsed time: 33 seconds (0d 0h 0m 33s)

